<?xml version="1.0" encoding="UTF-8" ?>
<testsuites>
  <testsuite errors="1" failures="0" hostname="MSI" id="0" name="HybridServerFirstReleaseTestSuite" package="es.uvigo.esei.dai.hybridserver" skipped="0" tests="1" time="0.0" timestamp="2020-11-10T21:25:43">
      <properties>
[...]
</properties>

      <error message="class &quot;org.apache.tools.ant.taskdefs.optional.junit.CustomJUnit4TestAdapterCache&quot;&apos;s signer information does not match signer information of other classes in the same package" type="java.lang.SecurityException">java.lang.SecurityException: class &quot;org.apache.tools.ant.taskdefs.optional.junit.CustomJUnit4TestAdapterCache&quot;&apos;s signer information does not match signer information of other classes in the same package
	at java.base/java.lang.ClassLoader.checkCerts(ClassLoader.java:1151)
	at java.base/java.lang.ClassLoader.preDefineClass(ClassLoader.java:906)
	at java.base/java.lang.ClassLoader.defineClass(ClassLoader.java:1015)
	at java.base/java.security.SecureClassLoader.defineClass(SecureClassLoader.java:151)
	at java.base/jdk.internal.loader.BuiltinClassLoader.defineClass(BuiltinClassLoader.java:821)
	at java.base/jdk.internal.loader.BuiltinClassLoader.findClassOnClassPathOrNull(BuiltinClassLoader.java:719)
	at java.base/jdk.internal.loader.BuiltinClassLoader.loadClassOrNull(BuiltinClassLoader.java:642)
	at java.base/jdk.internal.loader.BuiltinClassLoader.loadClass(BuiltinClassLoader.java:600)
	at java.base/jdk.internal.loader.ClassLoaders$AppClassLoader.loadClass(ClassLoaders.java:178)
	at java.base/java.lang.ClassLoader.loadClass(ClassLoader.java:522)
	at java.base/java.lang.Class.forName0(Native Method)
	at java.base/java.lang.Class.forName(Class.java:340)
</error>

      <system-out><![CDATA[]]></system-out>

      <system-err><![CDATA[]]></system-err>

  </testsuite>
</testsuites>
