<?xml version="1.0" encoding="UTF-8" ?>
<testsuites>
  <testsuite errors="184" failures="0" hostname="DESKTOP-BCPRCQS" id="0" name="HybridServerSecondReleaseTestSuite" package="es.uvigo.esei.dai.hybridserver" skipped="0" tests="238" time="10.178" timestamp="2021-01-21T15:47:17">
      <properties>
[...]
</properties>

      <testcase classname="es.uvigo.esei.dai.hybridserver.week1.WelcomePageTest" name="testMultipleWelcome" time="0.319" />

      <testcase classname="es.uvigo.esei.dai.hybridserver.week1.WelcomePageTest" name="testWelcome" time="0.002" />

      <testcase classname="es.uvigo.esei.dai.hybridserver.week1.HTTPBadRequestsTest" name="test[Missing method]" time="0.0" />

      <testcase classname="es.uvigo.esei.dai.hybridserver.week1.HTTPBadRequestsTest" name="test[Missing resource]" time="0.0" />

      <testcase classname="es.uvigo.esei.dai.hybridserver.week1.HTTPBadRequestsTest" name="test[Missing version]" time="0.0" />

      <testcase classname="es.uvigo.esei.dai.hybridserver.week1.HTTPBadRequestsTest" name="test[Missing first line]" time="0.0" />

      <testcase classname="es.uvigo.esei.dai.hybridserver.week1.HTTPBadRequestsTest" name="test[Invalid header]" time="0.0" />

      <testcase classname="es.uvigo.esei.dai.hybridserver.week1.HTTPRequestGETRootTest" name="testGetResourceChain" time="0.002" />

      <testcase classname="es.uvigo.esei.dai.hybridserver.week1.HTTPRequestGETRootTest" name="testToString" time="0.0" />

      <testcase classname="es.uvigo.esei.dai.hybridserver.week1.HTTPRequestGETRootTest" name="testGetHttpVersion" time="0.001" />

      <testcase classname="es.uvigo.esei.dai.hybridserver.week1.HTTPRequestGETRootTest" name="testGetHeaderParameters" time="0.002" />

      <testcase classname="es.uvigo.esei.dai.hybridserver.week1.HTTPRequestGETRootTest" name="testGetResourceName" time="0.001" />

      <testcase classname="es.uvigo.esei.dai.hybridserver.week1.HTTPRequestGETRootTest" name="testGetResourcePath" time="0.001" />

      <testcase classname="es.uvigo.esei.dai.hybridserver.week1.HTTPRequestGETRootTest" name="testGetContent" time="0.001" />

      <testcase classname="es.uvigo.esei.dai.hybridserver.week1.HTTPRequestGETRootTest" name="testGetMethod" time="0.0" />

      <testcase classname="es.uvigo.esei.dai.hybridserver.week1.HTTPRequestGETRootTest" name="testGetContentLength" time="0.0" />

      <testcase classname="es.uvigo.esei.dai.hybridserver.week1.HTTPRequestGETRootTest" name="testGetResourceParameters" time="0.0" />

      <testcase classname="es.uvigo.esei.dai.hybridserver.week1.HTTPRequestGETResourceTest" name="testGetResourceChain" time="0.0" />

      <testcase classname="es.uvigo.esei.dai.hybridserver.week1.HTTPRequestGETResourceTest" name="testToString" time="0.0" />

      <testcase classname="es.uvigo.esei.dai.hybridserver.week1.HTTPRequestGETResourceTest" name="testGetHttpVersion" time="0.0" />

      <testcase classname="es.uvigo.esei.dai.hybridserver.week1.HTTPRequestGETResourceTest" name="testGetHeaderParameters" time="0.001" />

      <testcase classname="es.uvigo.esei.dai.hybridserver.week1.HTTPRequestGETResourceTest" name="testGetResourceName" time="0.0" />

      <testcase classname="es.uvigo.esei.dai.hybridserver.week1.HTTPRequestGETResourceTest" name="testGetResourcePath" time="0.002" />

      <testcase classname="es.uvigo.esei.dai.hybridserver.week1.HTTPRequestGETResourceTest" name="testGetContent" time="0.0" />

      <testcase classname="es.uvigo.esei.dai.hybridserver.week1.HTTPRequestGETResourceTest" name="testGetMethod" time="0.0" />

      <testcase classname="es.uvigo.esei.dai.hybridserver.week1.HTTPRequestGETResourceTest" name="testGetContentLength" time="0.0" />

      <testcase classname="es.uvigo.esei.dai.hybridserver.week1.HTTPRequestGETResourceTest" name="testGetResourceParameters" time="0.0" />

      <testcase classname="es.uvigo.esei.dai.hybridserver.week1.HTTPRequestGETResourcesTest" name="testGetResourceChain" time="0.0" />

      <testcase classname="es.uvigo.esei.dai.hybridserver.week1.HTTPRequestGETResourcesTest" name="testToString" time="0.0" />

      <testcase classname="es.uvigo.esei.dai.hybridserver.week1.HTTPRequestGETResourcesTest" name="testGetHttpVersion" time="0.0" />

      <testcase classname="es.uvigo.esei.dai.hybridserver.week1.HTTPRequestGETResourcesTest" name="testGetHeaderParameters" time="0.0" />

      <testcase classname="es.uvigo.esei.dai.hybridserver.week1.HTTPRequestGETResourcesTest" name="testGetResourceName" time="0.0" />

      <testcase classname="es.uvigo.esei.dai.hybridserver.week1.HTTPRequestGETResourcesTest" name="testGetResourcePath" time="0.001" />

      <testcase classname="es.uvigo.esei.dai.hybridserver.week1.HTTPRequestGETResourcesTest" name="testGetContent" time="0.0" />

      <testcase classname="es.uvigo.esei.dai.hybridserver.week1.HTTPRequestGETResourcesTest" name="testGetMethod" time="0.0" />

      <testcase classname="es.uvigo.esei.dai.hybridserver.week1.HTTPRequestGETResourcesTest" name="testGetContentLength" time="0.0" />

      <testcase classname="es.uvigo.esei.dai.hybridserver.week1.HTTPRequestGETResourcesTest" name="testGetResourceParameters" time="0.0" />

      <testcase classname="es.uvigo.esei.dai.hybridserver.week1.HTTPRequestGETParametersTest" name="testGetResourceChain" time="0.0" />

      <testcase classname="es.uvigo.esei.dai.hybridserver.week1.HTTPRequestGETParametersTest" name="testToString" time="0.0" />

      <testcase classname="es.uvigo.esei.dai.hybridserver.week1.HTTPRequestGETParametersTest" name="testGetHttpVersion" time="0.0" />

      <testcase classname="es.uvigo.esei.dai.hybridserver.week1.HTTPRequestGETParametersTest" name="testGetHeaderParameters" time="0.0" />

      <testcase classname="es.uvigo.esei.dai.hybridserver.week1.HTTPRequestGETParametersTest" name="testGetResourceName" time="0.0" />

      <testcase classname="es.uvigo.esei.dai.hybridserver.week1.HTTPRequestGETParametersTest" name="testGetResourcePath" time="0.001" />

      <testcase classname="es.uvigo.esei.dai.hybridserver.week1.HTTPRequestGETParametersTest" name="testGetContent" time="0.0" />

      <testcase classname="es.uvigo.esei.dai.hybridserver.week1.HTTPRequestGETParametersTest" name="testGetMethod" time="0.0" />

      <testcase classname="es.uvigo.esei.dai.hybridserver.week1.HTTPRequestGETParametersTest" name="testGetContentLength" time="0.0" />

      <testcase classname="es.uvigo.esei.dai.hybridserver.week1.HTTPRequestGETParametersTest" name="testGetResourceParameters" time="0.0" />

      <testcase classname="es.uvigo.esei.dai.hybridserver.week1.HTTPRequestPOSTOneParameterTest" name="testGetResourceChain" time="0.001" />

      <testcase classname="es.uvigo.esei.dai.hybridserver.week1.HTTPRequestPOSTOneParameterTest" name="testToString" time="0.0" />

      <testcase classname="es.uvigo.esei.dai.hybridserver.week1.HTTPRequestPOSTOneParameterTest" name="testGetHttpVersion" time="0.0" />

      <testcase classname="es.uvigo.esei.dai.hybridserver.week1.HTTPRequestPOSTOneParameterTest" name="testGetHeaderParameters" time="0.0" />

      <testcase classname="es.uvigo.esei.dai.hybridserver.week1.HTTPRequestPOSTOneParameterTest" name="testGetResourceName" time="0.0" />

      <testcase classname="es.uvigo.esei.dai.hybridserver.week1.HTTPRequestPOSTOneParameterTest" name="testGetResourcePath" time="0.0" />

      <testcase classname="es.uvigo.esei.dai.hybridserver.week1.HTTPRequestPOSTOneParameterTest" name="testGetContent" time="0.0" />

      <testcase classname="es.uvigo.esei.dai.hybridserver.week1.HTTPRequestPOSTOneParameterTest" name="testGetMethod" time="0.0" />

      <testcase classname="es.uvigo.esei.dai.hybridserver.week1.HTTPRequestPOSTOneParameterTest" name="testGetContentLength" time="0.0" />

      <testcase classname="es.uvigo.esei.dai.hybridserver.week1.HTTPRequestPOSTOneParameterTest" name="testGetResourceParameters" time="0.0" />

      <testcase classname="es.uvigo.esei.dai.hybridserver.week1.HTTPRequestPOSTMultipleParametersTest" name="testGetResourceChain" time="0.0" />

      <testcase classname="es.uvigo.esei.dai.hybridserver.week1.HTTPRequestPOSTMultipleParametersTest" name="testToString" time="0.0" />

      <testcase classname="es.uvigo.esei.dai.hybridserver.week1.HTTPRequestPOSTMultipleParametersTest" name="testGetHttpVersion" time="0.0" />

      <testcase classname="es.uvigo.esei.dai.hybridserver.week1.HTTPRequestPOSTMultipleParametersTest" name="testGetHeaderParameters" time="0.001" />

      <testcase classname="es.uvigo.esei.dai.hybridserver.week1.HTTPRequestPOSTMultipleParametersTest" name="testGetResourceName" time="0.001" />

      <testcase classname="es.uvigo.esei.dai.hybridserver.week1.HTTPRequestPOSTMultipleParametersTest" name="testGetResourcePath" time="0.0" />

      <testcase classname="es.uvigo.esei.dai.hybridserver.week1.HTTPRequestPOSTMultipleParametersTest" name="testGetContent" time="0.0" />

      <testcase classname="es.uvigo.esei.dai.hybridserver.week1.HTTPRequestPOSTMultipleParametersTest" name="testGetMethod" time="0.0" />

      <testcase classname="es.uvigo.esei.dai.hybridserver.week1.HTTPRequestPOSTMultipleParametersTest" name="testGetContentLength" time="0.0" />

      <testcase classname="es.uvigo.esei.dai.hybridserver.week1.HTTPRequestPOSTMultipleParametersTest" name="testGetResourceParameters" time="0.0" />

      <testcase classname="es.uvigo.esei.dai.hybridserver.week1.HTTPRequestPOSTEncodedTest" name="testGetResourceChain" time="0.001" />

      <testcase classname="es.uvigo.esei.dai.hybridserver.week1.HTTPRequestPOSTEncodedTest" name="testToString" time="0.0" />

      <testcase classname="es.uvigo.esei.dai.hybridserver.week1.HTTPRequestPOSTEncodedTest" name="testGetHttpVersion" time="0.0" />

      <testcase classname="es.uvigo.esei.dai.hybridserver.week1.HTTPRequestPOSTEncodedTest" name="testGetHeaderParameters" time="0.0" />

      <testcase classname="es.uvigo.esei.dai.hybridserver.week1.HTTPRequestPOSTEncodedTest" name="testGetResourceName" time="0.001" />

      <testcase classname="es.uvigo.esei.dai.hybridserver.week1.HTTPRequestPOSTEncodedTest" name="testGetResourcePath" time="0.0" />

      <testcase classname="es.uvigo.esei.dai.hybridserver.week1.HTTPRequestPOSTEncodedTest" name="testGetContent" time="0.0" />

      <testcase classname="es.uvigo.esei.dai.hybridserver.week1.HTTPRequestPOSTEncodedTest" name="testGetMethod" time="0.0" />

      <testcase classname="es.uvigo.esei.dai.hybridserver.week1.HTTPRequestPOSTEncodedTest" name="testGetContentLength" time="0.0" />

      <testcase classname="es.uvigo.esei.dai.hybridserver.week1.HTTPRequestPOSTEncodedTest" name="testGetResourceParameters" time="0.001" />

      <testcase classname="es.uvigo.esei.dai.hybridserver.week1.HTTPResponseNoContentTest" name="testPrint" time="0.0" />

      <testcase classname="es.uvigo.esei.dai.hybridserver.week1.HTTPResponseNoContentWithHeadersTest" name="testPrint" time="0.001" />

      <testcase classname="es.uvigo.esei.dai.hybridserver.week1.HTTPResponseTest" name="testPrint" time="0.0" />

      <testcase classname="es.uvigo.esei.dai.hybridserver.week1.HTTPResponseWithHeadersTest" name="testPrint" time="0.0" />

      <testcase classname="es.uvigo.esei.dai.hybridserver.week3.CustomPortTest" name="testMultipleWelcome[0]" time="0.012" />

      <testcase classname="es.uvigo.esei.dai.hybridserver.week3.CustomPortTest" name="testWelcome[0]" time="0.002" />

      <testcase classname="es.uvigo.esei.dai.hybridserver.week3.CustomPortTest" name="testMultipleWelcome[1]" time="0.011" />

      <testcase classname="es.uvigo.esei.dai.hybridserver.week3.CustomPortTest" name="testWelcome[1]" time="0.002" />

      <testcase classname="es.uvigo.esei.dai.hybridserver.week3.CustomPortTest" name="testMultipleWelcome[2]" time="0.012" />

      <testcase classname="es.uvigo.esei.dai.hybridserver.week3.CustomPortTest" name="testWelcome[2]" time="0.002" />

      <testcase classname="es.uvigo.esei.dai.hybridserver.week3.CustomPortTest" name="testMultipleWelcome[3]" time="0.014" />

      <testcase classname="es.uvigo.esei.dai.hybridserver.week3.CustomPortTest" name="testWelcome[3]" time="0.002" />

      <testcase classname="es.uvigo.esei.dai.hybridserver.week3.CustomPortTest" name="testMultipleWelcome[4]" time="0.011" />

      <testcase classname="es.uvigo.esei.dai.hybridserver.week3.CustomPortTest" name="testWelcome[4]" time="0.002" />

      <testcase classname="es.uvigo.esei.dai.hybridserver.week3.CustomPortTest" name="testMultipleWelcome[5]" time="0.011" />

      <testcase classname="es.uvigo.esei.dai.hybridserver.week3.CustomPortTest" name="testWelcome[5]" time="0.002" />

      <testcase classname="es.uvigo.esei.dai.hybridserver.week3.CustomPortTest" name="testMultipleWelcome[6]" time="0.01" />

      <testcase classname="es.uvigo.esei.dai.hybridserver.week3.CustomPortTest" name="testWelcome[6]" time="0.001" />

      <testcase classname="es.uvigo.esei.dai.hybridserver.week3.CustomPortTest" name="testMultipleWelcome[7]" time="0.01" />

      <testcase classname="es.uvigo.esei.dai.hybridserver.week3.CustomPortTest" name="testWelcome[7]" time="0.003" />

      <testcase classname="es.uvigo.esei.dai.hybridserver.week3.CustomPortTest" name="testMultipleWelcome[8]" time="0.011" />

      <testcase classname="es.uvigo.esei.dai.hybridserver.week3.CustomPortTest" name="testWelcome[8]" time="0.003" />

      <testcase classname="es.uvigo.esei.dai.hybridserver.week3.CustomPortTest" name="testMultipleWelcome[9]" time="0.011" />

      <testcase classname="es.uvigo.esei.dai.hybridserver.week3.CustomPortTest" name="testWelcome[9]" time="0.002" />

      <testcase classname="es.uvigo.esei.dai.hybridserver.week3.ClientRequestsWithDatabaseTest" name="testPostInvalidContent" time="0.277" />

      <testcase classname="es.uvigo.esei.dai.hybridserver.week3.ClientRequestsWithDatabaseTest" name="testPost" time="0.044" />

      <testcase classname="es.uvigo.esei.dai.hybridserver.week3.ClientRequestsWithDatabaseTest" name="testGetInvalidResource" time="0.037" />

      <testcase classname="es.uvigo.esei.dai.hybridserver.week3.ClientRequestsWithDatabaseTest" name="testGetInvalidHtmlPage" time="0.031" />

      <testcase classname="es.uvigo.esei.dai.hybridserver.week3.ClientRequestsWithDatabaseTest" name="testGetHtmlList" time="0.034" />

      <testcase classname="es.uvigo.esei.dai.hybridserver.week3.ClientRequestsWithDatabaseTest" name="testDelete" time="0.039" />

      <testcase classname="es.uvigo.esei.dai.hybridserver.week3.ClientRequestsWithDatabaseTest" name="testDeleteNonexistentPage" time="0.033" />

      <testcase classname="es.uvigo.esei.dai.hybridserver.week7.HTMLClientRequestsWithDatabaseTest" name="testGet" time="0.09" />

      <testcase classname="es.uvigo.esei.dai.hybridserver.week7.HTMLClientRequestsWithDatabaseTest" name="testPost" time="0.078" />

      <testcase classname="es.uvigo.esei.dai.hybridserver.week7.HTMLClientRequestsWithDatabaseTest" name="testGetList" time="0.069" />

      <testcase classname="es.uvigo.esei.dai.hybridserver.week7.HTMLClientRequestsWithDatabaseTest" name="testDelete" time="0.076" />

      <testcase classname="es.uvigo.esei.dai.hybridserver.week7.HTMLClientRequestsWithDatabaseTest" name="testDeleteNonexistentPage" time="0.066" />

      <testcase classname="es.uvigo.esei.dai.hybridserver.week7.HTMLClientRequestsWithDatabaseTest" name="testGetInvalidPage" time="0.069" />

      <testcase classname="es.uvigo.esei.dai.hybridserver.week7.XMLClientRequestsWithDatabaseTest" name="testGet" time="0.082" />

      <testcase classname="es.uvigo.esei.dai.hybridserver.week7.XMLClientRequestsWithDatabaseTest" name="testPost" time="0.074" />

      <testcase classname="es.uvigo.esei.dai.hybridserver.week7.XMLClientRequestsWithDatabaseTest" name="testGetList" time="0.065" />

      <testcase classname="es.uvigo.esei.dai.hybridserver.week7.XMLClientRequestsWithDatabaseTest" name="testDelete" time="0.078" />

      <testcase classname="es.uvigo.esei.dai.hybridserver.week7.XMLClientRequestsWithDatabaseTest" name="testDeleteNonexistentPage" time="0.069" />

      <testcase classname="es.uvigo.esei.dai.hybridserver.week7.XMLClientRequestsWithDatabaseTest" name="testGetInvalidPage" time="0.069" />

      <testcase classname="es.uvigo.esei.dai.hybridserver.week7.XSDClientRequestsWithDatabaseTest" name="testGet" time="0.074" />

      <testcase classname="es.uvigo.esei.dai.hybridserver.week7.XSDClientRequestsWithDatabaseTest" name="testPost" time="0.074" />

      <testcase classname="es.uvigo.esei.dai.hybridserver.week7.XSDClientRequestsWithDatabaseTest" name="testGetList" time="0.068" />

      <testcase classname="es.uvigo.esei.dai.hybridserver.week7.XSDClientRequestsWithDatabaseTest" name="testDelete" time="0.076" />

      <testcase classname="es.uvigo.esei.dai.hybridserver.week7.XSDClientRequestsWithDatabaseTest" name="testDeleteNonexistentPage" time="0.075" />

      <testcase classname="es.uvigo.esei.dai.hybridserver.week7.XSDClientRequestsWithDatabaseTest" name="testGetInvalidPage" time="0.07" />

      <testcase classname="es.uvigo.esei.dai.hybridserver.week7.XSLTClientRequestsWithDatabaseTest" name="testPostWithBadXSD" time="0.072" />

      <testcase classname="es.uvigo.esei.dai.hybridserver.week7.XSLTClientRequestsWithDatabaseTest" name="testPost" time="0.092" />

      <testcase classname="es.uvigo.esei.dai.hybridserver.week7.XSLTClientRequestsWithDatabaseTest" name="testPostWithoutXSD" time="0.073" />

      <testcase classname="es.uvigo.esei.dai.hybridserver.week7.XSLTClientRequestsWithDatabaseTest" name="testGet" time="0.07" />

      <testcase classname="es.uvigo.esei.dai.hybridserver.week7.XSLTClientRequestsWithDatabaseTest" name="testGetList" time="0.066" />

      <testcase classname="es.uvigo.esei.dai.hybridserver.week7.XSLTClientRequestsWithDatabaseTest" name="testDelete" time="0.085" />

      <testcase classname="es.uvigo.esei.dai.hybridserver.week7.XSLTClientRequestsWithDatabaseTest" name="testDeleteNonexistentPage" time="0.064" />

      <testcase classname="es.uvigo.esei.dai.hybridserver.week7.XSLTClientRequestsWithDatabaseTest" name="testGetInvalidPage" time="0.063" />

      <testcase classname="es.uvigo.esei.dai.hybridserver.week9.ConvertedXMLTest" name="testInvalidXSLT" time="0.172" />

      <testcase classname="es.uvigo.esei.dai.hybridserver.week9.ConvertedXMLTest" name="testSimpleGet" time="0.073" />

      <testcase classname="es.uvigo.esei.dai.hybridserver.week9.ConvertedXMLTest" name="testInexistantXSLT" time="0.076" />

      <testcase classname="es.uvigo.esei.dai.hybridserver.week9.ConvertedXMLTest" name="testConvertedGet" time="0.1" />

      <testcase classname="es.uvigo.esei.dai.hybridserver.week9.InvalidConvertedXMLTest" name="testSimpleGet" time="0.575" />

      <testcase classname="es.uvigo.esei.dai.hybridserver.week9.InvalidConvertedXMLTest" name="testConvertedGet" time="0.104" />

      <testcase classname="es.uvigo.esei.dai.hybridserver.week9.InvalidXMLConfigurationLoaderTest" name="testLoad[Missing http parameter]" time="0.004" />

      <testcase classname="es.uvigo.esei.dai.hybridserver.week9.InvalidXMLConfigurationLoaderTest" name="testLoad[Missing database configuration]" time="0.003" />

      <testcase classname="es.uvigo.esei.dai.hybridserver.week9.InvalidXMLConfigurationLoaderTest" name="testLoad[Invalid http port number]" time="0.002" />

      <testcase classname="es.uvigo.esei.dai.hybridserver.week9.InvalidXMLConfigurationLoaderTest" name="testLoad[Invalid number of clients]" time="0.002" />

      <testcase classname="es.uvigo.esei.dai.hybridserver.week9.InvalidXMLConfigurationLoaderTest" name="testLoad[Missing attributes in server]" time="0.002" />

      <testcase classname="es.uvigo.esei.dai.hybridserver.week9.XMLConfigurationLoaderTest" name="testLoad" time="0.004" />

      <testcase classname="es.uvigo.esei.dai.hybridserver.week11.WelcomeAndListsMultipleServersTestCase" name="testHtmlList[Hybrid Server 1]" time="0.284">
          <error message="Access denied for user &apos;hsdb&apos;@&apos;%&apos; to database &apos;hstestdb1&apos;" type="com.mysql.jdbc.exceptions.jdbc4.MySQLSyntaxErrorException">com.mysql.jdbc.exceptions.jdbc4.MySQLSyntaxErrorException: Access denied for user &apos;hsdb&apos;@&apos;%&apos; to database &apos;hstestdb1&apos;
	at java.lang.reflect.Constructor.newInstance(Unknown Source)
	at com.mysql.jdbc.Util.handleNewInstance(Util.java:403)
	at com.mysql.jdbc.Util.getInstance(Util.java:386)
	at com.mysql.jdbc.SQLError.createSQLException(SQLError.java:944)
	at com.mysql.jdbc.MysqlIO.checkErrorPacket(MysqlIO.java:3933)
	at com.mysql.jdbc.MysqlIO.checkErrorPacket(MysqlIO.java:3869)
	at com.mysql.jdbc.MysqlIO.checkErrorPacket(MysqlIO.java:864)
	at com.mysql.jdbc.MysqlIO.proceedHandshakeWithPluggableAuthentication(MysqlIO.java:1707)
	at com.mysql.jdbc.MysqlIO.doHandshake(MysqlIO.java:1217)
	at com.mysql.jdbc.ConnectionImpl.coreConnect(ConnectionImpl.java:2189)
	at com.mysql.jdbc.ConnectionImpl.connectOneTryOnly(ConnectionImpl.java:2220)
	at com.mysql.jdbc.ConnectionImpl.createNewIO(ConnectionImpl.java:2015)
	at com.mysql.jdbc.ConnectionImpl.&lt;init&gt;(ConnectionImpl.java:768)
	at com.mysql.jdbc.JDBC4Connection.&lt;init&gt;(JDBC4Connection.java:47)
	at java.lang.reflect.Constructor.newInstance(Unknown Source)
	at com.mysql.jdbc.Util.handleNewInstance(Util.java:403)
	at com.mysql.jdbc.ConnectionImpl.getInstance(ConnectionImpl.java:385)
	at com.mysql.jdbc.NonRegisteringDriver.connect(NonRegisteringDriver.java:323)
	at java.sql.DriverManager.getConnection(Unknown Source)
	at java.sql.DriverManager.getConnection(Unknown Source)
	at org.dbunit.JdbcDatabaseTester.getConnection(JdbcDatabaseTester.java:116)
	at es.uvigo.esei.dai.hybridserver.utils.MySqlJdbcDatabaseTester.getConnection(MySqlJdbcDatabaseTester.java:44)
	at org.dbunit.AbstractDatabaseTester.executeOperation(AbstractDatabaseTester.java:194)
	at org.dbunit.AbstractDatabaseTester.onSetup(AbstractDatabaseTester.java:109)
	at es.uvigo.esei.dai.hybridserver.week11.MultipleServersTestCase.setUpJdbc(MultipleServersTestCase.java:108)
</error>

          <error type="java.lang.NullPointerException">java.lang.NullPointerException
	at es.uvigo.esei.dai.hybridserver.week11.MultipleServersTestCase.tearDownJdbc(MultipleServersTestCase.java:133)
</error>

      </testcase>

      <testcase classname="es.uvigo.esei.dai.hybridserver.week11.WelcomeAndListsMultipleServersTestCase" name="testWelcome[Hybrid Server 1]" time="0.101">
          <error message="Access denied for user &apos;hsdb&apos;@&apos;%&apos; to database &apos;hstestdb1&apos;" type="com.mysql.jdbc.exceptions.jdbc4.MySQLSyntaxErrorException">com.mysql.jdbc.exceptions.jdbc4.MySQLSyntaxErrorException: Access denied for user &apos;hsdb&apos;@&apos;%&apos; to database &apos;hstestdb1&apos;
	at java.lang.reflect.Constructor.newInstance(Unknown Source)
	at com.mysql.jdbc.Util.handleNewInstance(Util.java:403)
	at com.mysql.jdbc.Util.getInstance(Util.java:386)
	at com.mysql.jdbc.SQLError.createSQLException(SQLError.java:944)
	at com.mysql.jdbc.MysqlIO.checkErrorPacket(MysqlIO.java:3933)
	at com.mysql.jdbc.MysqlIO.checkErrorPacket(MysqlIO.java:3869)
	at com.mysql.jdbc.MysqlIO.checkErrorPacket(MysqlIO.java:864)
	at com.mysql.jdbc.MysqlIO.proceedHandshakeWithPluggableAuthentication(MysqlIO.java:1707)
	at com.mysql.jdbc.MysqlIO.doHandshake(MysqlIO.java:1217)
	at com.mysql.jdbc.ConnectionImpl.coreConnect(ConnectionImpl.java:2189)
	at com.mysql.jdbc.ConnectionImpl.connectOneTryOnly(ConnectionImpl.java:2220)
	at com.mysql.jdbc.ConnectionImpl.createNewIO(ConnectionImpl.java:2015)
	at com.mysql.jdbc.ConnectionImpl.&lt;init&gt;(ConnectionImpl.java:768)
	at com.mysql.jdbc.JDBC4Connection.&lt;init&gt;(JDBC4Connection.java:47)
	at java.lang.reflect.Constructor.newInstance(Unknown Source)
	at com.mysql.jdbc.Util.handleNewInstance(Util.java:403)
	at com.mysql.jdbc.ConnectionImpl.getInstance(ConnectionImpl.java:385)
	at com.mysql.jdbc.NonRegisteringDriver.connect(NonRegisteringDriver.java:323)
	at java.sql.DriverManager.getConnection(Unknown Source)
	at java.sql.DriverManager.getConnection(Unknown Source)
	at org.dbunit.JdbcDatabaseTester.getConnection(JdbcDatabaseTester.java:116)
	at es.uvigo.esei.dai.hybridserver.utils.MySqlJdbcDatabaseTester.getConnection(MySqlJdbcDatabaseTester.java:44)
	at org.dbunit.AbstractDatabaseTester.executeOperation(AbstractDatabaseTester.java:194)
	at org.dbunit.AbstractDatabaseTester.onSetup(AbstractDatabaseTester.java:109)
	at es.uvigo.esei.dai.hybridserver.week11.MultipleServersTestCase.setUpJdbc(MultipleServersTestCase.java:108)
</error>

          <error type="java.lang.NullPointerException">java.lang.NullPointerException
	at es.uvigo.esei.dai.hybridserver.week11.MultipleServersTestCase.tearDownJdbc(MultipleServersTestCase.java:133)
</error>

      </testcase>

      <testcase classname="es.uvigo.esei.dai.hybridserver.week11.WelcomeAndListsMultipleServersTestCase" name="testXsltList[Hybrid Server 1]" time="0.093">
          <error message="Access denied for user &apos;hsdb&apos;@&apos;%&apos; to database &apos;hstestdb1&apos;" type="com.mysql.jdbc.exceptions.jdbc4.MySQLSyntaxErrorException">com.mysql.jdbc.exceptions.jdbc4.MySQLSyntaxErrorException: Access denied for user &apos;hsdb&apos;@&apos;%&apos; to database &apos;hstestdb1&apos;
	at java.lang.reflect.Constructor.newInstance(Unknown Source)
	at com.mysql.jdbc.Util.handleNewInstance(Util.java:403)
	at com.mysql.jdbc.Util.getInstance(Util.java:386)
	at com.mysql.jdbc.SQLError.createSQLException(SQLError.java:944)
	at com.mysql.jdbc.MysqlIO.checkErrorPacket(MysqlIO.java:3933)
	at com.mysql.jdbc.MysqlIO.checkErrorPacket(MysqlIO.java:3869)
	at com.mysql.jdbc.MysqlIO.checkErrorPacket(MysqlIO.java:864)
	at com.mysql.jdbc.MysqlIO.proceedHandshakeWithPluggableAuthentication(MysqlIO.java:1707)
	at com.mysql.jdbc.MysqlIO.doHandshake(MysqlIO.java:1217)
	at com.mysql.jdbc.ConnectionImpl.coreConnect(ConnectionImpl.java:2189)
	at com.mysql.jdbc.ConnectionImpl.connectOneTryOnly(ConnectionImpl.java:2220)
	at com.mysql.jdbc.ConnectionImpl.createNewIO(ConnectionImpl.java:2015)
	at com.mysql.jdbc.ConnectionImpl.&lt;init&gt;(ConnectionImpl.java:768)
	at com.mysql.jdbc.JDBC4Connection.&lt;init&gt;(JDBC4Connection.java:47)
	at java.lang.reflect.Constructor.newInstance(Unknown Source)
	at com.mysql.jdbc.Util.handleNewInstance(Util.java:403)
	at com.mysql.jdbc.ConnectionImpl.getInstance(ConnectionImpl.java:385)
	at com.mysql.jdbc.NonRegisteringDriver.connect(NonRegisteringDriver.java:323)
	at java.sql.DriverManager.getConnection(Unknown Source)
	at java.sql.DriverManager.getConnection(Unknown Source)
	at org.dbunit.JdbcDatabaseTester.getConnection(JdbcDatabaseTester.java:116)
	at es.uvigo.esei.dai.hybridserver.utils.MySqlJdbcDatabaseTester.getConnection(MySqlJdbcDatabaseTester.java:44)
	at org.dbunit.AbstractDatabaseTester.executeOperation(AbstractDatabaseTester.java:194)
	at org.dbunit.AbstractDatabaseTester.onSetup(AbstractDatabaseTester.java:109)
	at es.uvigo.esei.dai.hybridserver.week11.MultipleServersTestCase.setUpJdbc(MultipleServersTestCase.java:108)
</error>

          <error type="java.lang.NullPointerException">java.lang.NullPointerException
	at es.uvigo.esei.dai.hybridserver.week11.MultipleServersTestCase.tearDownJdbc(MultipleServersTestCase.java:133)
</error>

      </testcase>

      <testcase classname="es.uvigo.esei.dai.hybridserver.week11.WelcomeAndListsMultipleServersTestCase" name="testXmlList[Hybrid Server 1]" time="0.11">
          <error message="Access denied for user &apos;hsdb&apos;@&apos;%&apos; to database &apos;hstestdb1&apos;" type="com.mysql.jdbc.exceptions.jdbc4.MySQLSyntaxErrorException">com.mysql.jdbc.exceptions.jdbc4.MySQLSyntaxErrorException: Access denied for user &apos;hsdb&apos;@&apos;%&apos; to database &apos;hstestdb1&apos;
	at java.lang.reflect.Constructor.newInstance(Unknown Source)
	at com.mysql.jdbc.Util.handleNewInstance(Util.java:403)
	at com.mysql.jdbc.Util.getInstance(Util.java:386)
	at com.mysql.jdbc.SQLError.createSQLException(SQLError.java:944)
	at com.mysql.jdbc.MysqlIO.checkErrorPacket(MysqlIO.java:3933)
	at com.mysql.jdbc.MysqlIO.checkErrorPacket(MysqlIO.java:3869)
	at com.mysql.jdbc.MysqlIO.checkErrorPacket(MysqlIO.java:864)
	at com.mysql.jdbc.MysqlIO.proceedHandshakeWithPluggableAuthentication(MysqlIO.java:1707)
	at com.mysql.jdbc.MysqlIO.doHandshake(MysqlIO.java:1217)
	at com.mysql.jdbc.ConnectionImpl.coreConnect(ConnectionImpl.java:2189)
	at com.mysql.jdbc.ConnectionImpl.connectOneTryOnly(ConnectionImpl.java:2220)
	at com.mysql.jdbc.ConnectionImpl.createNewIO(ConnectionImpl.java:2015)
	at com.mysql.jdbc.ConnectionImpl.&lt;init&gt;(ConnectionImpl.java:768)
	at com.mysql.jdbc.JDBC4Connection.&lt;init&gt;(JDBC4Connection.java:47)
	at java.lang.reflect.Constructor.newInstance(Unknown Source)
	at com.mysql.jdbc.Util.handleNewInstance(Util.java:403)
	at com.mysql.jdbc.ConnectionImpl.getInstance(ConnectionImpl.java:385)
	at com.mysql.jdbc.NonRegisteringDriver.connect(NonRegisteringDriver.java:323)
	at java.sql.DriverManager.getConnection(Unknown Source)
	at java.sql.DriverManager.getConnection(Unknown Source)
	at org.dbunit.JdbcDatabaseTester.getConnection(JdbcDatabaseTester.java:116)
	at es.uvigo.esei.dai.hybridserver.utils.MySqlJdbcDatabaseTester.getConnection(MySqlJdbcDatabaseTester.java:44)
	at org.dbunit.AbstractDatabaseTester.executeOperation(AbstractDatabaseTester.java:194)
	at org.dbunit.AbstractDatabaseTester.onSetup(AbstractDatabaseTester.java:109)
	at es.uvigo.esei.dai.hybridserver.week11.MultipleServersTestCase.setUpJdbc(MultipleServersTestCase.java:108)
</error>

          <error type="java.lang.NullPointerException">java.lang.NullPointerException
	at es.uvigo.esei.dai.hybridserver.week11.MultipleServersTestCase.tearDownJdbc(MultipleServersTestCase.java:133)
</error>

      </testcase>

      <testcase classname="es.uvigo.esei.dai.hybridserver.week11.WelcomeAndListsMultipleServersTestCase" name="testXsdList[Hybrid Server 1]" time="0.082">
          <error message="Access denied for user &apos;hsdb&apos;@&apos;%&apos; to database &apos;hstestdb1&apos;" type="com.mysql.jdbc.exceptions.jdbc4.MySQLSyntaxErrorException">com.mysql.jdbc.exceptions.jdbc4.MySQLSyntaxErrorException: Access denied for user &apos;hsdb&apos;@&apos;%&apos; to database &apos;hstestdb1&apos;
	at java.lang.reflect.Constructor.newInstance(Unknown Source)
	at com.mysql.jdbc.Util.handleNewInstance(Util.java:403)
	at com.mysql.jdbc.Util.getInstance(Util.java:386)
	at com.mysql.jdbc.SQLError.createSQLException(SQLError.java:944)
	at com.mysql.jdbc.MysqlIO.checkErrorPacket(MysqlIO.java:3933)
	at com.mysql.jdbc.MysqlIO.checkErrorPacket(MysqlIO.java:3869)
	at com.mysql.jdbc.MysqlIO.checkErrorPacket(MysqlIO.java:864)
	at com.mysql.jdbc.MysqlIO.proceedHandshakeWithPluggableAuthentication(MysqlIO.java:1707)
	at com.mysql.jdbc.MysqlIO.doHandshake(MysqlIO.java:1217)
	at com.mysql.jdbc.ConnectionImpl.coreConnect(ConnectionImpl.java:2189)
	at com.mysql.jdbc.ConnectionImpl.connectOneTryOnly(ConnectionImpl.java:2220)
	at com.mysql.jdbc.ConnectionImpl.createNewIO(ConnectionImpl.java:2015)
	at com.mysql.jdbc.ConnectionImpl.&lt;init&gt;(ConnectionImpl.java:768)
	at com.mysql.jdbc.JDBC4Connection.&lt;init&gt;(JDBC4Connection.java:47)
	at java.lang.reflect.Constructor.newInstance(Unknown Source)
	at com.mysql.jdbc.Util.handleNewInstance(Util.java:403)
	at com.mysql.jdbc.ConnectionImpl.getInstance(ConnectionImpl.java:385)
	at com.mysql.jdbc.NonRegisteringDriver.connect(NonRegisteringDriver.java:323)
	at java.sql.DriverManager.getConnection(Unknown Source)
	at java.sql.DriverManager.getConnection(Unknown Source)
	at org.dbunit.JdbcDatabaseTester.getConnection(JdbcDatabaseTester.java:116)
	at es.uvigo.esei.dai.hybridserver.utils.MySqlJdbcDatabaseTester.getConnection(MySqlJdbcDatabaseTester.java:44)
	at org.dbunit.AbstractDatabaseTester.executeOperation(AbstractDatabaseTester.java:194)
	at org.dbunit.AbstractDatabaseTester.onSetup(AbstractDatabaseTester.java:109)
	at es.uvigo.esei.dai.hybridserver.week11.MultipleServersTestCase.setUpJdbc(MultipleServersTestCase.java:108)
</error>

          <error type="java.lang.NullPointerException">java.lang.NullPointerException
	at es.uvigo.esei.dai.hybridserver.week11.MultipleServersTestCase.tearDownJdbc(MultipleServersTestCase.java:133)
</error>

      </testcase>

      <testcase classname="es.uvigo.esei.dai.hybridserver.week11.WelcomeAndListsMultipleServersTestCase" name="testHtmlList[Hybrid Server 2]" time="0.082">
          <error message="Access denied for user &apos;hsdb&apos;@&apos;%&apos; to database &apos;hstestdb1&apos;" type="com.mysql.jdbc.exceptions.jdbc4.MySQLSyntaxErrorException">com.mysql.jdbc.exceptions.jdbc4.MySQLSyntaxErrorException: Access denied for user &apos;hsdb&apos;@&apos;%&apos; to database &apos;hstestdb1&apos;
	at java.lang.reflect.Constructor.newInstance(Unknown Source)
	at com.mysql.jdbc.Util.handleNewInstance(Util.java:403)
	at com.mysql.jdbc.Util.getInstance(Util.java:386)
	at com.mysql.jdbc.SQLError.createSQLException(SQLError.java:944)
	at com.mysql.jdbc.MysqlIO.checkErrorPacket(MysqlIO.java:3933)
	at com.mysql.jdbc.MysqlIO.checkErrorPacket(MysqlIO.java:3869)
	at com.mysql.jdbc.MysqlIO.checkErrorPacket(MysqlIO.java:864)
	at com.mysql.jdbc.MysqlIO.proceedHandshakeWithPluggableAuthentication(MysqlIO.java:1707)
	at com.mysql.jdbc.MysqlIO.doHandshake(MysqlIO.java:1217)
	at com.mysql.jdbc.ConnectionImpl.coreConnect(ConnectionImpl.java:2189)
	at com.mysql.jdbc.ConnectionImpl.connectOneTryOnly(ConnectionImpl.java:2220)
	at com.mysql.jdbc.ConnectionImpl.createNewIO(ConnectionImpl.java:2015)
	at com.mysql.jdbc.ConnectionImpl.&lt;init&gt;(ConnectionImpl.java:768)
	at com.mysql.jdbc.JDBC4Connection.&lt;init&gt;(JDBC4Connection.java:47)
	at java.lang.reflect.Constructor.newInstance(Unknown Source)
	at com.mysql.jdbc.Util.handleNewInstance(Util.java:403)
	at com.mysql.jdbc.ConnectionImpl.getInstance(ConnectionImpl.java:385)
	at com.mysql.jdbc.NonRegisteringDriver.connect(NonRegisteringDriver.java:323)
	at java.sql.DriverManager.getConnection(Unknown Source)
	at java.sql.DriverManager.getConnection(Unknown Source)
	at org.dbunit.JdbcDatabaseTester.getConnection(JdbcDatabaseTester.java:116)
	at es.uvigo.esei.dai.hybridserver.utils.MySqlJdbcDatabaseTester.getConnection(MySqlJdbcDatabaseTester.java:44)
	at org.dbunit.AbstractDatabaseTester.executeOperation(AbstractDatabaseTester.java:194)
	at org.dbunit.AbstractDatabaseTester.onSetup(AbstractDatabaseTester.java:109)
	at es.uvigo.esei.dai.hybridserver.week11.MultipleServersTestCase.setUpJdbc(MultipleServersTestCase.java:108)
</error>

          <error type="java.lang.NullPointerException">java.lang.NullPointerException
	at es.uvigo.esei.dai.hybridserver.week11.MultipleServersTestCase.tearDownJdbc(MultipleServersTestCase.java:133)
</error>

      </testcase>

      <testcase classname="es.uvigo.esei.dai.hybridserver.week11.WelcomeAndListsMultipleServersTestCase" name="testWelcome[Hybrid Server 2]" time="0.076">
          <error message="Access denied for user &apos;hsdb&apos;@&apos;%&apos; to database &apos;hstestdb1&apos;" type="com.mysql.jdbc.exceptions.jdbc4.MySQLSyntaxErrorException">com.mysql.jdbc.exceptions.jdbc4.MySQLSyntaxErrorException: Access denied for user &apos;hsdb&apos;@&apos;%&apos; to database &apos;hstestdb1&apos;
	at java.lang.reflect.Constructor.newInstance(Unknown Source)
	at com.mysql.jdbc.Util.handleNewInstance(Util.java:403)
	at com.mysql.jdbc.Util.getInstance(Util.java:386)
	at com.mysql.jdbc.SQLError.createSQLException(SQLError.java:944)
	at com.mysql.jdbc.MysqlIO.checkErrorPacket(MysqlIO.java:3933)
	at com.mysql.jdbc.MysqlIO.checkErrorPacket(MysqlIO.java:3869)
	at com.mysql.jdbc.MysqlIO.checkErrorPacket(MysqlIO.java:864)
	at com.mysql.jdbc.MysqlIO.proceedHandshakeWithPluggableAuthentication(MysqlIO.java:1707)
	at com.mysql.jdbc.MysqlIO.doHandshake(MysqlIO.java:1217)
	at com.mysql.jdbc.ConnectionImpl.coreConnect(ConnectionImpl.java:2189)
	at com.mysql.jdbc.ConnectionImpl.connectOneTryOnly(ConnectionImpl.java:2220)
	at com.mysql.jdbc.ConnectionImpl.createNewIO(ConnectionImpl.java:2015)
	at com.mysql.jdbc.ConnectionImpl.&lt;init&gt;(ConnectionImpl.java:768)
	at com.mysql.jdbc.JDBC4Connection.&lt;init&gt;(JDBC4Connection.java:47)
	at java.lang.reflect.Constructor.newInstance(Unknown Source)
	at com.mysql.jdbc.Util.handleNewInstance(Util.java:403)
	at com.mysql.jdbc.ConnectionImpl.getInstance(ConnectionImpl.java:385)
	at com.mysql.jdbc.NonRegisteringDriver.connect(NonRegisteringDriver.java:323)
	at java.sql.DriverManager.getConnection(Unknown Source)
	at java.sql.DriverManager.getConnection(Unknown Source)
	at org.dbunit.JdbcDatabaseTester.getConnection(JdbcDatabaseTester.java:116)
	at es.uvigo.esei.dai.hybridserver.utils.MySqlJdbcDatabaseTester.getConnection(MySqlJdbcDatabaseTester.java:44)
	at org.dbunit.AbstractDatabaseTester.executeOperation(AbstractDatabaseTester.java:194)
	at org.dbunit.AbstractDatabaseTester.onSetup(AbstractDatabaseTester.java:109)
	at es.uvigo.esei.dai.hybridserver.week11.MultipleServersTestCase.setUpJdbc(MultipleServersTestCase.java:108)
</error>

          <error type="java.lang.NullPointerException">java.lang.NullPointerException
	at es.uvigo.esei.dai.hybridserver.week11.MultipleServersTestCase.tearDownJdbc(MultipleServersTestCase.java:133)
</error>

      </testcase>

      <testcase classname="es.uvigo.esei.dai.hybridserver.week11.WelcomeAndListsMultipleServersTestCase" name="testXsltList[Hybrid Server 2]" time="0.074">
          <error message="Access denied for user &apos;hsdb&apos;@&apos;%&apos; to database &apos;hstestdb1&apos;" type="com.mysql.jdbc.exceptions.jdbc4.MySQLSyntaxErrorException">com.mysql.jdbc.exceptions.jdbc4.MySQLSyntaxErrorException: Access denied for user &apos;hsdb&apos;@&apos;%&apos; to database &apos;hstestdb1&apos;
	at java.lang.reflect.Constructor.newInstance(Unknown Source)
	at com.mysql.jdbc.Util.handleNewInstance(Util.java:403)
	at com.mysql.jdbc.Util.getInstance(Util.java:386)
	at com.mysql.jdbc.SQLError.createSQLException(SQLError.java:944)
	at com.mysql.jdbc.MysqlIO.checkErrorPacket(MysqlIO.java:3933)
	at com.mysql.jdbc.MysqlIO.checkErrorPacket(MysqlIO.java:3869)
	at com.mysql.jdbc.MysqlIO.checkErrorPacket(MysqlIO.java:864)
	at com.mysql.jdbc.MysqlIO.proceedHandshakeWithPluggableAuthentication(MysqlIO.java:1707)
	at com.mysql.jdbc.MysqlIO.doHandshake(MysqlIO.java:1217)
	at com.mysql.jdbc.ConnectionImpl.coreConnect(ConnectionImpl.java:2189)
	at com.mysql.jdbc.ConnectionImpl.connectOneTryOnly(ConnectionImpl.java:2220)
	at com.mysql.jdbc.ConnectionImpl.createNewIO(ConnectionImpl.java:2015)
	at com.mysql.jdbc.ConnectionImpl.&lt;init&gt;(ConnectionImpl.java:768)
	at com.mysql.jdbc.JDBC4Connection.&lt;init&gt;(JDBC4Connection.java:47)
	at java.lang.reflect.Constructor.newInstance(Unknown Source)
	at com.mysql.jdbc.Util.handleNewInstance(Util.java:403)
	at com.mysql.jdbc.ConnectionImpl.getInstance(ConnectionImpl.java:385)
	at com.mysql.jdbc.NonRegisteringDriver.connect(NonRegisteringDriver.java:323)
	at java.sql.DriverManager.getConnection(Unknown Source)
	at java.sql.DriverManager.getConnection(Unknown Source)
	at org.dbunit.JdbcDatabaseTester.getConnection(JdbcDatabaseTester.java:116)
	at es.uvigo.esei.dai.hybridserver.utils.MySqlJdbcDatabaseTester.getConnection(MySqlJdbcDatabaseTester.java:44)
	at org.dbunit.AbstractDatabaseTester.executeOperation(AbstractDatabaseTester.java:194)
	at org.dbunit.AbstractDatabaseTester.onSetup(AbstractDatabaseTester.java:109)
	at es.uvigo.esei.dai.hybridserver.week11.MultipleServersTestCase.setUpJdbc(MultipleServersTestCase.java:108)
</error>

          <error type="java.lang.NullPointerException">java.lang.NullPointerException
	at es.uvigo.esei.dai.hybridserver.week11.MultipleServersTestCase.tearDownJdbc(MultipleServersTestCase.java:133)
</error>

      </testcase>

      <testcase classname="es.uvigo.esei.dai.hybridserver.week11.WelcomeAndListsMultipleServersTestCase" name="testXmlList[Hybrid Server 2]" time="0.07">
          <error message="Access denied for user &apos;hsdb&apos;@&apos;%&apos; to database &apos;hstestdb1&apos;" type="com.mysql.jdbc.exceptions.jdbc4.MySQLSyntaxErrorException">com.mysql.jdbc.exceptions.jdbc4.MySQLSyntaxErrorException: Access denied for user &apos;hsdb&apos;@&apos;%&apos; to database &apos;hstestdb1&apos;
	at java.lang.reflect.Constructor.newInstance(Unknown Source)
	at com.mysql.jdbc.Util.handleNewInstance(Util.java:403)
	at com.mysql.jdbc.Util.getInstance(Util.java:386)
	at com.mysql.jdbc.SQLError.createSQLException(SQLError.java:944)
	at com.mysql.jdbc.MysqlIO.checkErrorPacket(MysqlIO.java:3933)
	at com.mysql.jdbc.MysqlIO.checkErrorPacket(MysqlIO.java:3869)
	at com.mysql.jdbc.MysqlIO.checkErrorPacket(MysqlIO.java:864)
	at com.mysql.jdbc.MysqlIO.proceedHandshakeWithPluggableAuthentication(MysqlIO.java:1707)
	at com.mysql.jdbc.MysqlIO.doHandshake(MysqlIO.java:1217)
	at com.mysql.jdbc.ConnectionImpl.coreConnect(ConnectionImpl.java:2189)
	at com.mysql.jdbc.ConnectionImpl.connectOneTryOnly(ConnectionImpl.java:2220)
	at com.mysql.jdbc.ConnectionImpl.createNewIO(ConnectionImpl.java:2015)
	at com.mysql.jdbc.ConnectionImpl.&lt;init&gt;(ConnectionImpl.java:768)
	at com.mysql.jdbc.JDBC4Connection.&lt;init&gt;(JDBC4Connection.java:47)
	at java.lang.reflect.Constructor.newInstance(Unknown Source)
	at com.mysql.jdbc.Util.handleNewInstance(Util.java:403)
	at com.mysql.jdbc.ConnectionImpl.getInstance(ConnectionImpl.java:385)
	at com.mysql.jdbc.NonRegisteringDriver.connect(NonRegisteringDriver.java:323)
	at java.sql.DriverManager.getConnection(Unknown Source)
	at java.sql.DriverManager.getConnection(Unknown Source)
	at org.dbunit.JdbcDatabaseTester.getConnection(JdbcDatabaseTester.java:116)
	at es.uvigo.esei.dai.hybridserver.utils.MySqlJdbcDatabaseTester.getConnection(MySqlJdbcDatabaseTester.java:44)
	at org.dbunit.AbstractDatabaseTester.executeOperation(AbstractDatabaseTester.java:194)
	at org.dbunit.AbstractDatabaseTester.onSetup(AbstractDatabaseTester.java:109)
	at es.uvigo.esei.dai.hybridserver.week11.MultipleServersTestCase.setUpJdbc(MultipleServersTestCase.java:108)
</error>

          <error type="java.lang.NullPointerException">java.lang.NullPointerException
	at es.uvigo.esei.dai.hybridserver.week11.MultipleServersTestCase.tearDownJdbc(MultipleServersTestCase.java:133)
</error>

      </testcase>

      <testcase classname="es.uvigo.esei.dai.hybridserver.week11.WelcomeAndListsMultipleServersTestCase" name="testXsdList[Hybrid Server 2]" time="0.074">
          <error message="Access denied for user &apos;hsdb&apos;@&apos;%&apos; to database &apos;hstestdb1&apos;" type="com.mysql.jdbc.exceptions.jdbc4.MySQLSyntaxErrorException">com.mysql.jdbc.exceptions.jdbc4.MySQLSyntaxErrorException: Access denied for user &apos;hsdb&apos;@&apos;%&apos; to database &apos;hstestdb1&apos;
	at java.lang.reflect.Constructor.newInstance(Unknown Source)
	at com.mysql.jdbc.Util.handleNewInstance(Util.java:403)
	at com.mysql.jdbc.Util.getInstance(Util.java:386)
	at com.mysql.jdbc.SQLError.createSQLException(SQLError.java:944)
	at com.mysql.jdbc.MysqlIO.checkErrorPacket(MysqlIO.java:3933)
	at com.mysql.jdbc.MysqlIO.checkErrorPacket(MysqlIO.java:3869)
	at com.mysql.jdbc.MysqlIO.checkErrorPacket(MysqlIO.java:864)
	at com.mysql.jdbc.MysqlIO.proceedHandshakeWithPluggableAuthentication(MysqlIO.java:1707)
	at com.mysql.jdbc.MysqlIO.doHandshake(MysqlIO.java:1217)
	at com.mysql.jdbc.ConnectionImpl.coreConnect(ConnectionImpl.java:2189)
	at com.mysql.jdbc.ConnectionImpl.connectOneTryOnly(ConnectionImpl.java:2220)
	at com.mysql.jdbc.ConnectionImpl.createNewIO(ConnectionImpl.java:2015)
	at com.mysql.jdbc.ConnectionImpl.&lt;init&gt;(ConnectionImpl.java:768)
	at com.mysql.jdbc.JDBC4Connection.&lt;init&gt;(JDBC4Connection.java:47)
	at java.lang.reflect.Constructor.newInstance(Unknown Source)
	at com.mysql.jdbc.Util.handleNewInstance(Util.java:403)
	at com.mysql.jdbc.ConnectionImpl.getInstance(ConnectionImpl.java:385)
	at com.mysql.jdbc.NonRegisteringDriver.connect(NonRegisteringDriver.java:323)
	at java.sql.DriverManager.getConnection(Unknown Source)
	at java.sql.DriverManager.getConnection(Unknown Source)
	at org.dbunit.JdbcDatabaseTester.getConnection(JdbcDatabaseTester.java:116)
	at es.uvigo.esei.dai.hybridserver.utils.MySqlJdbcDatabaseTester.getConnection(MySqlJdbcDatabaseTester.java:44)
	at org.dbunit.AbstractDatabaseTester.executeOperation(AbstractDatabaseTester.java:194)
	at org.dbunit.AbstractDatabaseTester.onSetup(AbstractDatabaseTester.java:109)
	at es.uvigo.esei.dai.hybridserver.week11.MultipleServersTestCase.setUpJdbc(MultipleServersTestCase.java:108)
</error>

          <error type="java.lang.NullPointerException">java.lang.NullPointerException
	at es.uvigo.esei.dai.hybridserver.week11.MultipleServersTestCase.tearDownJdbc(MultipleServersTestCase.java:133)
</error>

      </testcase>

      <testcase classname="es.uvigo.esei.dai.hybridserver.week11.WelcomeAndListsMultipleServersTestCase" name="testHtmlList[Hybrid Server 3]" time="0.065">
          <error message="Access denied for user &apos;hsdb&apos;@&apos;%&apos; to database &apos;hstestdb1&apos;" type="com.mysql.jdbc.exceptions.jdbc4.MySQLSyntaxErrorException">com.mysql.jdbc.exceptions.jdbc4.MySQLSyntaxErrorException: Access denied for user &apos;hsdb&apos;@&apos;%&apos; to database &apos;hstestdb1&apos;
	at java.lang.reflect.Constructor.newInstance(Unknown Source)
	at com.mysql.jdbc.Util.handleNewInstance(Util.java:403)
	at com.mysql.jdbc.Util.getInstance(Util.java:386)
	at com.mysql.jdbc.SQLError.createSQLException(SQLError.java:944)
	at com.mysql.jdbc.MysqlIO.checkErrorPacket(MysqlIO.java:3933)
	at com.mysql.jdbc.MysqlIO.checkErrorPacket(MysqlIO.java:3869)
	at com.mysql.jdbc.MysqlIO.checkErrorPacket(MysqlIO.java:864)
	at com.mysql.jdbc.MysqlIO.proceedHandshakeWithPluggableAuthentication(MysqlIO.java:1707)
	at com.mysql.jdbc.MysqlIO.doHandshake(MysqlIO.java:1217)
	at com.mysql.jdbc.ConnectionImpl.coreConnect(ConnectionImpl.java:2189)
	at com.mysql.jdbc.ConnectionImpl.connectOneTryOnly(ConnectionImpl.java:2220)
	at com.mysql.jdbc.ConnectionImpl.createNewIO(ConnectionImpl.java:2015)
	at com.mysql.jdbc.ConnectionImpl.&lt;init&gt;(ConnectionImpl.java:768)
	at com.mysql.jdbc.JDBC4Connection.&lt;init&gt;(JDBC4Connection.java:47)
	at java.lang.reflect.Constructor.newInstance(Unknown Source)
	at com.mysql.jdbc.Util.handleNewInstance(Util.java:403)
	at com.mysql.jdbc.ConnectionImpl.getInstance(ConnectionImpl.java:385)
	at com.mysql.jdbc.NonRegisteringDriver.connect(NonRegisteringDriver.java:323)
	at java.sql.DriverManager.getConnection(Unknown Source)
	at java.sql.DriverManager.getConnection(Unknown Source)
	at org.dbunit.JdbcDatabaseTester.getConnection(JdbcDatabaseTester.java:116)
	at es.uvigo.esei.dai.hybridserver.utils.MySqlJdbcDatabaseTester.getConnection(MySqlJdbcDatabaseTester.java:44)
	at org.dbunit.AbstractDatabaseTester.executeOperation(AbstractDatabaseTester.java:194)
	at org.dbunit.AbstractDatabaseTester.onSetup(AbstractDatabaseTester.java:109)
	at es.uvigo.esei.dai.hybridserver.week11.MultipleServersTestCase.setUpJdbc(MultipleServersTestCase.java:108)
</error>

          <error type="java.lang.NullPointerException">java.lang.NullPointerException
	at es.uvigo.esei.dai.hybridserver.week11.MultipleServersTestCase.tearDownJdbc(MultipleServersTestCase.java:133)
</error>

      </testcase>

      <testcase classname="es.uvigo.esei.dai.hybridserver.week11.WelcomeAndListsMultipleServersTestCase" name="testWelcome[Hybrid Server 3]" time="0.068">
          <error message="Access denied for user &apos;hsdb&apos;@&apos;%&apos; to database &apos;hstestdb1&apos;" type="com.mysql.jdbc.exceptions.jdbc4.MySQLSyntaxErrorException">com.mysql.jdbc.exceptions.jdbc4.MySQLSyntaxErrorException: Access denied for user &apos;hsdb&apos;@&apos;%&apos; to database &apos;hstestdb1&apos;
	at java.lang.reflect.Constructor.newInstance(Unknown Source)
	at com.mysql.jdbc.Util.handleNewInstance(Util.java:403)
	at com.mysql.jdbc.Util.getInstance(Util.java:386)
	at com.mysql.jdbc.SQLError.createSQLException(SQLError.java:944)
	at com.mysql.jdbc.MysqlIO.checkErrorPacket(MysqlIO.java:3933)
	at com.mysql.jdbc.MysqlIO.checkErrorPacket(MysqlIO.java:3869)
	at com.mysql.jdbc.MysqlIO.checkErrorPacket(MysqlIO.java:864)
	at com.mysql.jdbc.MysqlIO.proceedHandshakeWithPluggableAuthentication(MysqlIO.java:1707)
	at com.mysql.jdbc.MysqlIO.doHandshake(MysqlIO.java:1217)
	at com.mysql.jdbc.ConnectionImpl.coreConnect(ConnectionImpl.java:2189)
	at com.mysql.jdbc.ConnectionImpl.connectOneTryOnly(ConnectionImpl.java:2220)
	at com.mysql.jdbc.ConnectionImpl.createNewIO(ConnectionImpl.java:2015)
	at com.mysql.jdbc.ConnectionImpl.&lt;init&gt;(ConnectionImpl.java:768)
	at com.mysql.jdbc.JDBC4Connection.&lt;init&gt;(JDBC4Connection.java:47)
	at java.lang.reflect.Constructor.newInstance(Unknown Source)
	at com.mysql.jdbc.Util.handleNewInstance(Util.java:403)
	at com.mysql.jdbc.ConnectionImpl.getInstance(ConnectionImpl.java:385)
	at com.mysql.jdbc.NonRegisteringDriver.connect(NonRegisteringDriver.java:323)
	at java.sql.DriverManager.getConnection(Unknown Source)
	at java.sql.DriverManager.getConnection(Unknown Source)
	at org.dbunit.JdbcDatabaseTester.getConnection(JdbcDatabaseTester.java:116)
	at es.uvigo.esei.dai.hybridserver.utils.MySqlJdbcDatabaseTester.getConnection(MySqlJdbcDatabaseTester.java:44)
	at org.dbunit.AbstractDatabaseTester.executeOperation(AbstractDatabaseTester.java:194)
	at org.dbunit.AbstractDatabaseTester.onSetup(AbstractDatabaseTester.java:109)
	at es.uvigo.esei.dai.hybridserver.week11.MultipleServersTestCase.setUpJdbc(MultipleServersTestCase.java:108)
</error>

          <error type="java.lang.NullPointerException">java.lang.NullPointerException
	at es.uvigo.esei.dai.hybridserver.week11.MultipleServersTestCase.tearDownJdbc(MultipleServersTestCase.java:133)
</error>

      </testcase>

      <testcase classname="es.uvigo.esei.dai.hybridserver.week11.WelcomeAndListsMultipleServersTestCase" name="testXsltList[Hybrid Server 3]" time="0.067">
          <error message="Access denied for user &apos;hsdb&apos;@&apos;%&apos; to database &apos;hstestdb1&apos;" type="com.mysql.jdbc.exceptions.jdbc4.MySQLSyntaxErrorException">com.mysql.jdbc.exceptions.jdbc4.MySQLSyntaxErrorException: Access denied for user &apos;hsdb&apos;@&apos;%&apos; to database &apos;hstestdb1&apos;
	at java.lang.reflect.Constructor.newInstance(Unknown Source)
	at com.mysql.jdbc.Util.handleNewInstance(Util.java:403)
	at com.mysql.jdbc.Util.getInstance(Util.java:386)
	at com.mysql.jdbc.SQLError.createSQLException(SQLError.java:944)
	at com.mysql.jdbc.MysqlIO.checkErrorPacket(MysqlIO.java:3933)
	at com.mysql.jdbc.MysqlIO.checkErrorPacket(MysqlIO.java:3869)
	at com.mysql.jdbc.MysqlIO.checkErrorPacket(MysqlIO.java:864)
	at com.mysql.jdbc.MysqlIO.proceedHandshakeWithPluggableAuthentication(MysqlIO.java:1707)
	at com.mysql.jdbc.MysqlIO.doHandshake(MysqlIO.java:1217)
	at com.mysql.jdbc.ConnectionImpl.coreConnect(ConnectionImpl.java:2189)
	at com.mysql.jdbc.ConnectionImpl.connectOneTryOnly(ConnectionImpl.java:2220)
	at com.mysql.jdbc.ConnectionImpl.createNewIO(ConnectionImpl.java:2015)
	at com.mysql.jdbc.ConnectionImpl.&lt;init&gt;(ConnectionImpl.java:768)
	at com.mysql.jdbc.JDBC4Connection.&lt;init&gt;(JDBC4Connection.java:47)
	at java.lang.reflect.Constructor.newInstance(Unknown Source)
	at com.mysql.jdbc.Util.handleNewInstance(Util.java:403)
	at com.mysql.jdbc.ConnectionImpl.getInstance(ConnectionImpl.java:385)
	at com.mysql.jdbc.NonRegisteringDriver.connect(NonRegisteringDriver.java:323)
	at java.sql.DriverManager.getConnection(Unknown Source)
	at java.sql.DriverManager.getConnection(Unknown Source)
	at org.dbunit.JdbcDatabaseTester.getConnection(JdbcDatabaseTester.java:116)
	at es.uvigo.esei.dai.hybridserver.utils.MySqlJdbcDatabaseTester.getConnection(MySqlJdbcDatabaseTester.java:44)
	at org.dbunit.AbstractDatabaseTester.executeOperation(AbstractDatabaseTester.java:194)
	at org.dbunit.AbstractDatabaseTester.onSetup(AbstractDatabaseTester.java:109)
	at es.uvigo.esei.dai.hybridserver.week11.MultipleServersTestCase.setUpJdbc(MultipleServersTestCase.java:108)
</error>

          <error type="java.lang.NullPointerException">java.lang.NullPointerException
	at es.uvigo.esei.dai.hybridserver.week11.MultipleServersTestCase.tearDownJdbc(MultipleServersTestCase.java:133)
</error>

      </testcase>

      <testcase classname="es.uvigo.esei.dai.hybridserver.week11.WelcomeAndListsMultipleServersTestCase" name="testXmlList[Hybrid Server 3]" time="0.069">
          <error message="Access denied for user &apos;hsdb&apos;@&apos;%&apos; to database &apos;hstestdb1&apos;" type="com.mysql.jdbc.exceptions.jdbc4.MySQLSyntaxErrorException">com.mysql.jdbc.exceptions.jdbc4.MySQLSyntaxErrorException: Access denied for user &apos;hsdb&apos;@&apos;%&apos; to database &apos;hstestdb1&apos;
	at java.lang.reflect.Constructor.newInstance(Unknown Source)
	at com.mysql.jdbc.Util.handleNewInstance(Util.java:403)
	at com.mysql.jdbc.Util.getInstance(Util.java:386)
	at com.mysql.jdbc.SQLError.createSQLException(SQLError.java:944)
	at com.mysql.jdbc.MysqlIO.checkErrorPacket(MysqlIO.java:3933)
	at com.mysql.jdbc.MysqlIO.checkErrorPacket(MysqlIO.java:3869)
	at com.mysql.jdbc.MysqlIO.checkErrorPacket(MysqlIO.java:864)
	at com.mysql.jdbc.MysqlIO.proceedHandshakeWithPluggableAuthentication(MysqlIO.java:1707)
	at com.mysql.jdbc.MysqlIO.doHandshake(MysqlIO.java:1217)
	at com.mysql.jdbc.ConnectionImpl.coreConnect(ConnectionImpl.java:2189)
	at com.mysql.jdbc.ConnectionImpl.connectOneTryOnly(ConnectionImpl.java:2220)
	at com.mysql.jdbc.ConnectionImpl.createNewIO(ConnectionImpl.java:2015)
	at com.mysql.jdbc.ConnectionImpl.&lt;init&gt;(ConnectionImpl.java:768)
	at com.mysql.jdbc.JDBC4Connection.&lt;init&gt;(JDBC4Connection.java:47)
	at java.lang.reflect.Constructor.newInstance(Unknown Source)
	at com.mysql.jdbc.Util.handleNewInstance(Util.java:403)
	at com.mysql.jdbc.ConnectionImpl.getInstance(ConnectionImpl.java:385)
	at com.mysql.jdbc.NonRegisteringDriver.connect(NonRegisteringDriver.java:323)
	at java.sql.DriverManager.getConnection(Unknown Source)
	at java.sql.DriverManager.getConnection(Unknown Source)
	at org.dbunit.JdbcDatabaseTester.getConnection(JdbcDatabaseTester.java:116)
	at es.uvigo.esei.dai.hybridserver.utils.MySqlJdbcDatabaseTester.getConnection(MySqlJdbcDatabaseTester.java:44)
	at org.dbunit.AbstractDatabaseTester.executeOperation(AbstractDatabaseTester.java:194)
	at org.dbunit.AbstractDatabaseTester.onSetup(AbstractDatabaseTester.java:109)
	at es.uvigo.esei.dai.hybridserver.week11.MultipleServersTestCase.setUpJdbc(MultipleServersTestCase.java:108)
</error>

          <error type="java.lang.NullPointerException">java.lang.NullPointerException
	at es.uvigo.esei.dai.hybridserver.week11.MultipleServersTestCase.tearDownJdbc(MultipleServersTestCase.java:133)
</error>

      </testcase>

      <testcase classname="es.uvigo.esei.dai.hybridserver.week11.WelcomeAndListsMultipleServersTestCase" name="testXsdList[Hybrid Server 3]" time="0.068">
          <error message="Access denied for user &apos;hsdb&apos;@&apos;%&apos; to database &apos;hstestdb1&apos;" type="com.mysql.jdbc.exceptions.jdbc4.MySQLSyntaxErrorException">com.mysql.jdbc.exceptions.jdbc4.MySQLSyntaxErrorException: Access denied for user &apos;hsdb&apos;@&apos;%&apos; to database &apos;hstestdb1&apos;
	at java.lang.reflect.Constructor.newInstance(Unknown Source)
	at com.mysql.jdbc.Util.handleNewInstance(Util.java:403)
	at com.mysql.jdbc.Util.getInstance(Util.java:386)
	at com.mysql.jdbc.SQLError.createSQLException(SQLError.java:944)
	at com.mysql.jdbc.MysqlIO.checkErrorPacket(MysqlIO.java:3933)
	at com.mysql.jdbc.MysqlIO.checkErrorPacket(MysqlIO.java:3869)
	at com.mysql.jdbc.MysqlIO.checkErrorPacket(MysqlIO.java:864)
	at com.mysql.jdbc.MysqlIO.proceedHandshakeWithPluggableAuthentication(MysqlIO.java:1707)
	at com.mysql.jdbc.MysqlIO.doHandshake(MysqlIO.java:1217)
	at com.mysql.jdbc.ConnectionImpl.coreConnect(ConnectionImpl.java:2189)
	at com.mysql.jdbc.ConnectionImpl.connectOneTryOnly(ConnectionImpl.java:2220)
	at com.mysql.jdbc.ConnectionImpl.createNewIO(ConnectionImpl.java:2015)
	at com.mysql.jdbc.ConnectionImpl.&lt;init&gt;(ConnectionImpl.java:768)
	at com.mysql.jdbc.JDBC4Connection.&lt;init&gt;(JDBC4Connection.java:47)
	at java.lang.reflect.Constructor.newInstance(Unknown Source)
	at com.mysql.jdbc.Util.handleNewInstance(Util.java:403)
	at com.mysql.jdbc.ConnectionImpl.getInstance(ConnectionImpl.java:385)
	at com.mysql.jdbc.NonRegisteringDriver.connect(NonRegisteringDriver.java:323)
	at java.sql.DriverManager.getConnection(Unknown Source)
	at java.sql.DriverManager.getConnection(Unknown Source)
	at org.dbunit.JdbcDatabaseTester.getConnection(JdbcDatabaseTester.java:116)
	at es.uvigo.esei.dai.hybridserver.utils.MySqlJdbcDatabaseTester.getConnection(MySqlJdbcDatabaseTester.java:44)
	at org.dbunit.AbstractDatabaseTester.executeOperation(AbstractDatabaseTester.java:194)
	at org.dbunit.AbstractDatabaseTester.onSetup(AbstractDatabaseTester.java:109)
	at es.uvigo.esei.dai.hybridserver.week11.MultipleServersTestCase.setUpJdbc(MultipleServersTestCase.java:108)
</error>

          <error type="java.lang.NullPointerException">java.lang.NullPointerException
	at es.uvigo.esei.dai.hybridserver.week11.MultipleServersTestCase.tearDownJdbc(MultipleServersTestCase.java:133)
</error>

      </testcase>

      <testcase classname="es.uvigo.esei.dai.hybridserver.week11.WelcomeAndListsMultipleServersTestCase" name="testHtmlList[Hybrid Server 4]" time="0.066">
          <error message="Access denied for user &apos;hsdb&apos;@&apos;%&apos; to database &apos;hstestdb1&apos;" type="com.mysql.jdbc.exceptions.jdbc4.MySQLSyntaxErrorException">com.mysql.jdbc.exceptions.jdbc4.MySQLSyntaxErrorException: Access denied for user &apos;hsdb&apos;@&apos;%&apos; to database &apos;hstestdb1&apos;
	at java.lang.reflect.Constructor.newInstance(Unknown Source)
	at com.mysql.jdbc.Util.handleNewInstance(Util.java:403)
	at com.mysql.jdbc.Util.getInstance(Util.java:386)
	at com.mysql.jdbc.SQLError.createSQLException(SQLError.java:944)
	at com.mysql.jdbc.MysqlIO.checkErrorPacket(MysqlIO.java:3933)
	at com.mysql.jdbc.MysqlIO.checkErrorPacket(MysqlIO.java:3869)
	at com.mysql.jdbc.MysqlIO.checkErrorPacket(MysqlIO.java:864)
	at com.mysql.jdbc.MysqlIO.proceedHandshakeWithPluggableAuthentication(MysqlIO.java:1707)
	at com.mysql.jdbc.MysqlIO.doHandshake(MysqlIO.java:1217)
	at com.mysql.jdbc.ConnectionImpl.coreConnect(ConnectionImpl.java:2189)
	at com.mysql.jdbc.ConnectionImpl.connectOneTryOnly(ConnectionImpl.java:2220)
	at com.mysql.jdbc.ConnectionImpl.createNewIO(ConnectionImpl.java:2015)
	at com.mysql.jdbc.ConnectionImpl.&lt;init&gt;(ConnectionImpl.java:768)
	at com.mysql.jdbc.JDBC4Connection.&lt;init&gt;(JDBC4Connection.java:47)
	at java.lang.reflect.Constructor.newInstance(Unknown Source)
	at com.mysql.jdbc.Util.handleNewInstance(Util.java:403)
	at com.mysql.jdbc.ConnectionImpl.getInstance(ConnectionImpl.java:385)
	at com.mysql.jdbc.NonRegisteringDriver.connect(NonRegisteringDriver.java:323)
	at java.sql.DriverManager.getConnection(Unknown Source)
	at java.sql.DriverManager.getConnection(Unknown Source)
	at org.dbunit.JdbcDatabaseTester.getConnection(JdbcDatabaseTester.java:116)
	at es.uvigo.esei.dai.hybridserver.utils.MySqlJdbcDatabaseTester.getConnection(MySqlJdbcDatabaseTester.java:44)
	at org.dbunit.AbstractDatabaseTester.executeOperation(AbstractDatabaseTester.java:194)
	at org.dbunit.AbstractDatabaseTester.onSetup(AbstractDatabaseTester.java:109)
	at es.uvigo.esei.dai.hybridserver.week11.MultipleServersTestCase.setUpJdbc(MultipleServersTestCase.java:108)
</error>

          <error type="java.lang.NullPointerException">java.lang.NullPointerException
	at es.uvigo.esei.dai.hybridserver.week11.MultipleServersTestCase.tearDownJdbc(MultipleServersTestCase.java:133)
</error>

      </testcase>

      <testcase classname="es.uvigo.esei.dai.hybridserver.week11.WelcomeAndListsMultipleServersTestCase" name="testWelcome[Hybrid Server 4]" time="0.066">
          <error message="Access denied for user &apos;hsdb&apos;@&apos;%&apos; to database &apos;hstestdb1&apos;" type="com.mysql.jdbc.exceptions.jdbc4.MySQLSyntaxErrorException">com.mysql.jdbc.exceptions.jdbc4.MySQLSyntaxErrorException: Access denied for user &apos;hsdb&apos;@&apos;%&apos; to database &apos;hstestdb1&apos;
	at java.lang.reflect.Constructor.newInstance(Unknown Source)
	at com.mysql.jdbc.Util.handleNewInstance(Util.java:403)
	at com.mysql.jdbc.Util.getInstance(Util.java:386)
	at com.mysql.jdbc.SQLError.createSQLException(SQLError.java:944)
	at com.mysql.jdbc.MysqlIO.checkErrorPacket(MysqlIO.java:3933)
	at com.mysql.jdbc.MysqlIO.checkErrorPacket(MysqlIO.java:3869)
	at com.mysql.jdbc.MysqlIO.checkErrorPacket(MysqlIO.java:864)
	at com.mysql.jdbc.MysqlIO.proceedHandshakeWithPluggableAuthentication(MysqlIO.java:1707)
	at com.mysql.jdbc.MysqlIO.doHandshake(MysqlIO.java:1217)
	at com.mysql.jdbc.ConnectionImpl.coreConnect(ConnectionImpl.java:2189)
	at com.mysql.jdbc.ConnectionImpl.connectOneTryOnly(ConnectionImpl.java:2220)
	at com.mysql.jdbc.ConnectionImpl.createNewIO(ConnectionImpl.java:2015)
	at com.mysql.jdbc.ConnectionImpl.&lt;init&gt;(ConnectionImpl.java:768)
	at com.mysql.jdbc.JDBC4Connection.&lt;init&gt;(JDBC4Connection.java:47)
	at java.lang.reflect.Constructor.newInstance(Unknown Source)
	at com.mysql.jdbc.Util.handleNewInstance(Util.java:403)
	at com.mysql.jdbc.ConnectionImpl.getInstance(ConnectionImpl.java:385)
	at com.mysql.jdbc.NonRegisteringDriver.connect(NonRegisteringDriver.java:323)
	at java.sql.DriverManager.getConnection(Unknown Source)
	at java.sql.DriverManager.getConnection(Unknown Source)
	at org.dbunit.JdbcDatabaseTester.getConnection(JdbcDatabaseTester.java:116)
	at es.uvigo.esei.dai.hybridserver.utils.MySqlJdbcDatabaseTester.getConnection(MySqlJdbcDatabaseTester.java:44)
	at org.dbunit.AbstractDatabaseTester.executeOperation(AbstractDatabaseTester.java:194)
	at org.dbunit.AbstractDatabaseTester.onSetup(AbstractDatabaseTester.java:109)
	at es.uvigo.esei.dai.hybridserver.week11.MultipleServersTestCase.setUpJdbc(MultipleServersTestCase.java:108)
</error>

          <error type="java.lang.NullPointerException">java.lang.NullPointerException
	at es.uvigo.esei.dai.hybridserver.week11.MultipleServersTestCase.tearDownJdbc(MultipleServersTestCase.java:133)
</error>

      </testcase>

      <testcase classname="es.uvigo.esei.dai.hybridserver.week11.WelcomeAndListsMultipleServersTestCase" name="testXsltList[Hybrid Server 4]" time="0.065">
          <error message="Access denied for user &apos;hsdb&apos;@&apos;%&apos; to database &apos;hstestdb1&apos;" type="com.mysql.jdbc.exceptions.jdbc4.MySQLSyntaxErrorException">com.mysql.jdbc.exceptions.jdbc4.MySQLSyntaxErrorException: Access denied for user &apos;hsdb&apos;@&apos;%&apos; to database &apos;hstestdb1&apos;
	at java.lang.reflect.Constructor.newInstance(Unknown Source)
	at com.mysql.jdbc.Util.handleNewInstance(Util.java:403)
	at com.mysql.jdbc.Util.getInstance(Util.java:386)
	at com.mysql.jdbc.SQLError.createSQLException(SQLError.java:944)
	at com.mysql.jdbc.MysqlIO.checkErrorPacket(MysqlIO.java:3933)
	at com.mysql.jdbc.MysqlIO.checkErrorPacket(MysqlIO.java:3869)
	at com.mysql.jdbc.MysqlIO.checkErrorPacket(MysqlIO.java:864)
	at com.mysql.jdbc.MysqlIO.proceedHandshakeWithPluggableAuthentication(MysqlIO.java:1707)
	at com.mysql.jdbc.MysqlIO.doHandshake(MysqlIO.java:1217)
	at com.mysql.jdbc.ConnectionImpl.coreConnect(ConnectionImpl.java:2189)
	at com.mysql.jdbc.ConnectionImpl.connectOneTryOnly(ConnectionImpl.java:2220)
	at com.mysql.jdbc.ConnectionImpl.createNewIO(ConnectionImpl.java:2015)
	at com.mysql.jdbc.ConnectionImpl.&lt;init&gt;(ConnectionImpl.java:768)
	at com.mysql.jdbc.JDBC4Connection.&lt;init&gt;(JDBC4Connection.java:47)
	at java.lang.reflect.Constructor.newInstance(Unknown Source)
	at com.mysql.jdbc.Util.handleNewInstance(Util.java:403)
	at com.mysql.jdbc.ConnectionImpl.getInstance(ConnectionImpl.java:385)
	at com.mysql.jdbc.NonRegisteringDriver.connect(NonRegisteringDriver.java:323)
	at java.sql.DriverManager.getConnection(Unknown Source)
	at java.sql.DriverManager.getConnection(Unknown Source)
	at org.dbunit.JdbcDatabaseTester.getConnection(JdbcDatabaseTester.java:116)
	at es.uvigo.esei.dai.hybridserver.utils.MySqlJdbcDatabaseTester.getConnection(MySqlJdbcDatabaseTester.java:44)
	at org.dbunit.AbstractDatabaseTester.executeOperation(AbstractDatabaseTester.java:194)
	at org.dbunit.AbstractDatabaseTester.onSetup(AbstractDatabaseTester.java:109)
	at es.uvigo.esei.dai.hybridserver.week11.MultipleServersTestCase.setUpJdbc(MultipleServersTestCase.java:108)
</error>

          <error type="java.lang.NullPointerException">java.lang.NullPointerException
	at es.uvigo.esei.dai.hybridserver.week11.MultipleServersTestCase.tearDownJdbc(MultipleServersTestCase.java:133)
</error>

      </testcase>

      <testcase classname="es.uvigo.esei.dai.hybridserver.week11.WelcomeAndListsMultipleServersTestCase" name="testXmlList[Hybrid Server 4]" time="0.063">
          <error message="Access denied for user &apos;hsdb&apos;@&apos;%&apos; to database &apos;hstestdb1&apos;" type="com.mysql.jdbc.exceptions.jdbc4.MySQLSyntaxErrorException">com.mysql.jdbc.exceptions.jdbc4.MySQLSyntaxErrorException: Access denied for user &apos;hsdb&apos;@&apos;%&apos; to database &apos;hstestdb1&apos;
	at java.lang.reflect.Constructor.newInstance(Unknown Source)
	at com.mysql.jdbc.Util.handleNewInstance(Util.java:403)
	at com.mysql.jdbc.Util.getInstance(Util.java:386)
	at com.mysql.jdbc.SQLError.createSQLException(SQLError.java:944)
	at com.mysql.jdbc.MysqlIO.checkErrorPacket(MysqlIO.java:3933)
	at com.mysql.jdbc.MysqlIO.checkErrorPacket(MysqlIO.java:3869)
	at com.mysql.jdbc.MysqlIO.checkErrorPacket(MysqlIO.java:864)
	at com.mysql.jdbc.MysqlIO.proceedHandshakeWithPluggableAuthentication(MysqlIO.java:1707)
	at com.mysql.jdbc.MysqlIO.doHandshake(MysqlIO.java:1217)
	at com.mysql.jdbc.ConnectionImpl.coreConnect(ConnectionImpl.java:2189)
	at com.mysql.jdbc.ConnectionImpl.connectOneTryOnly(ConnectionImpl.java:2220)
	at com.mysql.jdbc.ConnectionImpl.createNewIO(ConnectionImpl.java:2015)
	at com.mysql.jdbc.ConnectionImpl.&lt;init&gt;(ConnectionImpl.java:768)
	at com.mysql.jdbc.JDBC4Connection.&lt;init&gt;(JDBC4Connection.java:47)
	at java.lang.reflect.Constructor.newInstance(Unknown Source)
	at com.mysql.jdbc.Util.handleNewInstance(Util.java:403)
	at com.mysql.jdbc.ConnectionImpl.getInstance(ConnectionImpl.java:385)
	at com.mysql.jdbc.NonRegisteringDriver.connect(NonRegisteringDriver.java:323)
	at java.sql.DriverManager.getConnection(Unknown Source)
	at java.sql.DriverManager.getConnection(Unknown Source)
	at org.dbunit.JdbcDatabaseTester.getConnection(JdbcDatabaseTester.java:116)
	at es.uvigo.esei.dai.hybridserver.utils.MySqlJdbcDatabaseTester.getConnection(MySqlJdbcDatabaseTester.java:44)
	at org.dbunit.AbstractDatabaseTester.executeOperation(AbstractDatabaseTester.java:194)
	at org.dbunit.AbstractDatabaseTester.onSetup(AbstractDatabaseTester.java:109)
	at es.uvigo.esei.dai.hybridserver.week11.MultipleServersTestCase.setUpJdbc(MultipleServersTestCase.java:108)
</error>

          <error type="java.lang.NullPointerException">java.lang.NullPointerException
	at es.uvigo.esei.dai.hybridserver.week11.MultipleServersTestCase.tearDownJdbc(MultipleServersTestCase.java:133)
</error>

      </testcase>

      <testcase classname="es.uvigo.esei.dai.hybridserver.week11.WelcomeAndListsMultipleServersTestCase" name="testXsdList[Hybrid Server 4]" time="0.064">
          <error message="Access denied for user &apos;hsdb&apos;@&apos;%&apos; to database &apos;hstestdb1&apos;" type="com.mysql.jdbc.exceptions.jdbc4.MySQLSyntaxErrorException">com.mysql.jdbc.exceptions.jdbc4.MySQLSyntaxErrorException: Access denied for user &apos;hsdb&apos;@&apos;%&apos; to database &apos;hstestdb1&apos;
	at java.lang.reflect.Constructor.newInstance(Unknown Source)
	at com.mysql.jdbc.Util.handleNewInstance(Util.java:403)
	at com.mysql.jdbc.Util.getInstance(Util.java:386)
	at com.mysql.jdbc.SQLError.createSQLException(SQLError.java:944)
	at com.mysql.jdbc.MysqlIO.checkErrorPacket(MysqlIO.java:3933)
	at com.mysql.jdbc.MysqlIO.checkErrorPacket(MysqlIO.java:3869)
	at com.mysql.jdbc.MysqlIO.checkErrorPacket(MysqlIO.java:864)
	at com.mysql.jdbc.MysqlIO.proceedHandshakeWithPluggableAuthentication(MysqlIO.java:1707)
	at com.mysql.jdbc.MysqlIO.doHandshake(MysqlIO.java:1217)
	at com.mysql.jdbc.ConnectionImpl.coreConnect(ConnectionImpl.java:2189)
	at com.mysql.jdbc.ConnectionImpl.connectOneTryOnly(ConnectionImpl.java:2220)
	at com.mysql.jdbc.ConnectionImpl.createNewIO(ConnectionImpl.java:2015)
	at com.mysql.jdbc.ConnectionImpl.&lt;init&gt;(ConnectionImpl.java:768)
	at com.mysql.jdbc.JDBC4Connection.&lt;init&gt;(JDBC4Connection.java:47)
	at java.lang.reflect.Constructor.newInstance(Unknown Source)
	at com.mysql.jdbc.Util.handleNewInstance(Util.java:403)
	at com.mysql.jdbc.ConnectionImpl.getInstance(ConnectionImpl.java:385)
	at com.mysql.jdbc.NonRegisteringDriver.connect(NonRegisteringDriver.java:323)
	at java.sql.DriverManager.getConnection(Unknown Source)
	at java.sql.DriverManager.getConnection(Unknown Source)
	at org.dbunit.JdbcDatabaseTester.getConnection(JdbcDatabaseTester.java:116)
	at es.uvigo.esei.dai.hybridserver.utils.MySqlJdbcDatabaseTester.getConnection(MySqlJdbcDatabaseTester.java:44)
	at org.dbunit.AbstractDatabaseTester.executeOperation(AbstractDatabaseTester.java:194)
	at org.dbunit.AbstractDatabaseTester.onSetup(AbstractDatabaseTester.java:109)
	at es.uvigo.esei.dai.hybridserver.week11.MultipleServersTestCase.setUpJdbc(MultipleServersTestCase.java:108)
</error>

          <error type="java.lang.NullPointerException">java.lang.NullPointerException
	at es.uvigo.esei.dai.hybridserver.week11.MultipleServersTestCase.tearDownJdbc(MultipleServersTestCase.java:133)
</error>

      </testcase>

      <testcase classname="es.uvigo.esei.dai.hybridserver.week11.HtmlMultipleServersTestCase" name="testGetLocales[Hybrid Server 1]" time="0.066">
          <error message="Access denied for user &apos;hsdb&apos;@&apos;%&apos; to database &apos;hstestdb1&apos;" type="com.mysql.jdbc.exceptions.jdbc4.MySQLSyntaxErrorException">com.mysql.jdbc.exceptions.jdbc4.MySQLSyntaxErrorException: Access denied for user &apos;hsdb&apos;@&apos;%&apos; to database &apos;hstestdb1&apos;
	at java.lang.reflect.Constructor.newInstance(Unknown Source)
	at com.mysql.jdbc.Util.handleNewInstance(Util.java:403)
	at com.mysql.jdbc.Util.getInstance(Util.java:386)
	at com.mysql.jdbc.SQLError.createSQLException(SQLError.java:944)
	at com.mysql.jdbc.MysqlIO.checkErrorPacket(MysqlIO.java:3933)
	at com.mysql.jdbc.MysqlIO.checkErrorPacket(MysqlIO.java:3869)
	at com.mysql.jdbc.MysqlIO.checkErrorPacket(MysqlIO.java:864)
	at com.mysql.jdbc.MysqlIO.proceedHandshakeWithPluggableAuthentication(MysqlIO.java:1707)
	at com.mysql.jdbc.MysqlIO.doHandshake(MysqlIO.java:1217)
	at com.mysql.jdbc.ConnectionImpl.coreConnect(ConnectionImpl.java:2189)
	at com.mysql.jdbc.ConnectionImpl.connectOneTryOnly(ConnectionImpl.java:2220)
	at com.mysql.jdbc.ConnectionImpl.createNewIO(ConnectionImpl.java:2015)
	at com.mysql.jdbc.ConnectionImpl.&lt;init&gt;(ConnectionImpl.java:768)
	at com.mysql.jdbc.JDBC4Connection.&lt;init&gt;(JDBC4Connection.java:47)
	at java.lang.reflect.Constructor.newInstance(Unknown Source)
	at com.mysql.jdbc.Util.handleNewInstance(Util.java:403)
	at com.mysql.jdbc.ConnectionImpl.getInstance(ConnectionImpl.java:385)
	at com.mysql.jdbc.NonRegisteringDriver.connect(NonRegisteringDriver.java:323)
	at java.sql.DriverManager.getConnection(Unknown Source)
	at java.sql.DriverManager.getConnection(Unknown Source)
	at org.dbunit.JdbcDatabaseTester.getConnection(JdbcDatabaseTester.java:116)
	at es.uvigo.esei.dai.hybridserver.utils.MySqlJdbcDatabaseTester.getConnection(MySqlJdbcDatabaseTester.java:44)
	at org.dbunit.AbstractDatabaseTester.executeOperation(AbstractDatabaseTester.java:194)
	at org.dbunit.AbstractDatabaseTester.onSetup(AbstractDatabaseTester.java:109)
	at es.uvigo.esei.dai.hybridserver.week11.MultipleServersTestCase.setUpJdbc(MultipleServersTestCase.java:108)
</error>

          <error type="java.lang.NullPointerException">java.lang.NullPointerException
	at es.uvigo.esei.dai.hybridserver.week11.MultipleServersTestCase.tearDownJdbc(MultipleServersTestCase.java:133)
</error>

      </testcase>

      <testcase classname="es.uvigo.esei.dai.hybridserver.week11.HtmlMultipleServersTestCase" name="testGetRemotes[Hybrid Server 1]" time="0.063">
          <error message="Access denied for user &apos;hsdb&apos;@&apos;%&apos; to database &apos;hstestdb1&apos;" type="com.mysql.jdbc.exceptions.jdbc4.MySQLSyntaxErrorException">com.mysql.jdbc.exceptions.jdbc4.MySQLSyntaxErrorException: Access denied for user &apos;hsdb&apos;@&apos;%&apos; to database &apos;hstestdb1&apos;
	at java.lang.reflect.Constructor.newInstance(Unknown Source)
	at com.mysql.jdbc.Util.handleNewInstance(Util.java:403)
	at com.mysql.jdbc.Util.getInstance(Util.java:386)
	at com.mysql.jdbc.SQLError.createSQLException(SQLError.java:944)
	at com.mysql.jdbc.MysqlIO.checkErrorPacket(MysqlIO.java:3933)
	at com.mysql.jdbc.MysqlIO.checkErrorPacket(MysqlIO.java:3869)
	at com.mysql.jdbc.MysqlIO.checkErrorPacket(MysqlIO.java:864)
	at com.mysql.jdbc.MysqlIO.proceedHandshakeWithPluggableAuthentication(MysqlIO.java:1707)
	at com.mysql.jdbc.MysqlIO.doHandshake(MysqlIO.java:1217)
	at com.mysql.jdbc.ConnectionImpl.coreConnect(ConnectionImpl.java:2189)
	at com.mysql.jdbc.ConnectionImpl.connectOneTryOnly(ConnectionImpl.java:2220)
	at com.mysql.jdbc.ConnectionImpl.createNewIO(ConnectionImpl.java:2015)
	at com.mysql.jdbc.ConnectionImpl.&lt;init&gt;(ConnectionImpl.java:768)
	at com.mysql.jdbc.JDBC4Connection.&lt;init&gt;(JDBC4Connection.java:47)
	at java.lang.reflect.Constructor.newInstance(Unknown Source)
	at com.mysql.jdbc.Util.handleNewInstance(Util.java:403)
	at com.mysql.jdbc.ConnectionImpl.getInstance(ConnectionImpl.java:385)
	at com.mysql.jdbc.NonRegisteringDriver.connect(NonRegisteringDriver.java:323)
	at java.sql.DriverManager.getConnection(Unknown Source)
	at java.sql.DriverManager.getConnection(Unknown Source)
	at org.dbunit.JdbcDatabaseTester.getConnection(JdbcDatabaseTester.java:116)
	at es.uvigo.esei.dai.hybridserver.utils.MySqlJdbcDatabaseTester.getConnection(MySqlJdbcDatabaseTester.java:44)
	at org.dbunit.AbstractDatabaseTester.executeOperation(AbstractDatabaseTester.java:194)
	at org.dbunit.AbstractDatabaseTester.onSetup(AbstractDatabaseTester.java:109)
	at es.uvigo.esei.dai.hybridserver.week11.MultipleServersTestCase.setUpJdbc(MultipleServersTestCase.java:108)
</error>

          <error type="java.lang.NullPointerException">java.lang.NullPointerException
	at es.uvigo.esei.dai.hybridserver.week11.MultipleServersTestCase.tearDownJdbc(MultipleServersTestCase.java:133)
</error>

      </testcase>

      <testcase classname="es.uvigo.esei.dai.hybridserver.week11.HtmlMultipleServersTestCase" name="testInvalid[Hybrid Server 1]" time="0.062">
          <error message="Access denied for user &apos;hsdb&apos;@&apos;%&apos; to database &apos;hstestdb1&apos;" type="com.mysql.jdbc.exceptions.jdbc4.MySQLSyntaxErrorException">com.mysql.jdbc.exceptions.jdbc4.MySQLSyntaxErrorException: Access denied for user &apos;hsdb&apos;@&apos;%&apos; to database &apos;hstestdb1&apos;
	at java.lang.reflect.Constructor.newInstance(Unknown Source)
	at com.mysql.jdbc.Util.handleNewInstance(Util.java:403)
	at com.mysql.jdbc.Util.getInstance(Util.java:386)
	at com.mysql.jdbc.SQLError.createSQLException(SQLError.java:944)
	at com.mysql.jdbc.MysqlIO.checkErrorPacket(MysqlIO.java:3933)
	at com.mysql.jdbc.MysqlIO.checkErrorPacket(MysqlIO.java:3869)
	at com.mysql.jdbc.MysqlIO.checkErrorPacket(MysqlIO.java:864)
	at com.mysql.jdbc.MysqlIO.proceedHandshakeWithPluggableAuthentication(MysqlIO.java:1707)
	at com.mysql.jdbc.MysqlIO.doHandshake(MysqlIO.java:1217)
	at com.mysql.jdbc.ConnectionImpl.coreConnect(ConnectionImpl.java:2189)
	at com.mysql.jdbc.ConnectionImpl.connectOneTryOnly(ConnectionImpl.java:2220)
	at com.mysql.jdbc.ConnectionImpl.createNewIO(ConnectionImpl.java:2015)
	at com.mysql.jdbc.ConnectionImpl.&lt;init&gt;(ConnectionImpl.java:768)
	at com.mysql.jdbc.JDBC4Connection.&lt;init&gt;(JDBC4Connection.java:47)
	at java.lang.reflect.Constructor.newInstance(Unknown Source)
	at com.mysql.jdbc.Util.handleNewInstance(Util.java:403)
	at com.mysql.jdbc.ConnectionImpl.getInstance(ConnectionImpl.java:385)
	at com.mysql.jdbc.NonRegisteringDriver.connect(NonRegisteringDriver.java:323)
	at java.sql.DriverManager.getConnection(Unknown Source)
	at java.sql.DriverManager.getConnection(Unknown Source)
	at org.dbunit.JdbcDatabaseTester.getConnection(JdbcDatabaseTester.java:116)
	at es.uvigo.esei.dai.hybridserver.utils.MySqlJdbcDatabaseTester.getConnection(MySqlJdbcDatabaseTester.java:44)
	at org.dbunit.AbstractDatabaseTester.executeOperation(AbstractDatabaseTester.java:194)
	at org.dbunit.AbstractDatabaseTester.onSetup(AbstractDatabaseTester.java:109)
	at es.uvigo.esei.dai.hybridserver.week11.MultipleServersTestCase.setUpJdbc(MultipleServersTestCase.java:108)
</error>

          <error type="java.lang.NullPointerException">java.lang.NullPointerException
	at es.uvigo.esei.dai.hybridserver.week11.MultipleServersTestCase.tearDownJdbc(MultipleServersTestCase.java:133)
</error>

      </testcase>

      <testcase classname="es.uvigo.esei.dai.hybridserver.week11.HtmlMultipleServersTestCase" name="testGetLocales[Hybrid Server 2]" time="0.063">
          <error message="Access denied for user &apos;hsdb&apos;@&apos;%&apos; to database &apos;hstestdb1&apos;" type="com.mysql.jdbc.exceptions.jdbc4.MySQLSyntaxErrorException">com.mysql.jdbc.exceptions.jdbc4.MySQLSyntaxErrorException: Access denied for user &apos;hsdb&apos;@&apos;%&apos; to database &apos;hstestdb1&apos;
	at java.lang.reflect.Constructor.newInstance(Unknown Source)
	at com.mysql.jdbc.Util.handleNewInstance(Util.java:403)
	at com.mysql.jdbc.Util.getInstance(Util.java:386)
	at com.mysql.jdbc.SQLError.createSQLException(SQLError.java:944)
	at com.mysql.jdbc.MysqlIO.checkErrorPacket(MysqlIO.java:3933)
	at com.mysql.jdbc.MysqlIO.checkErrorPacket(MysqlIO.java:3869)
	at com.mysql.jdbc.MysqlIO.checkErrorPacket(MysqlIO.java:864)
	at com.mysql.jdbc.MysqlIO.proceedHandshakeWithPluggableAuthentication(MysqlIO.java:1707)
	at com.mysql.jdbc.MysqlIO.doHandshake(MysqlIO.java:1217)
	at com.mysql.jdbc.ConnectionImpl.coreConnect(ConnectionImpl.java:2189)
	at com.mysql.jdbc.ConnectionImpl.connectOneTryOnly(ConnectionImpl.java:2220)
	at com.mysql.jdbc.ConnectionImpl.createNewIO(ConnectionImpl.java:2015)
	at com.mysql.jdbc.ConnectionImpl.&lt;init&gt;(ConnectionImpl.java:768)
	at com.mysql.jdbc.JDBC4Connection.&lt;init&gt;(JDBC4Connection.java:47)
	at java.lang.reflect.Constructor.newInstance(Unknown Source)
	at com.mysql.jdbc.Util.handleNewInstance(Util.java:403)
	at com.mysql.jdbc.ConnectionImpl.getInstance(ConnectionImpl.java:385)
	at com.mysql.jdbc.NonRegisteringDriver.connect(NonRegisteringDriver.java:323)
	at java.sql.DriverManager.getConnection(Unknown Source)
	at java.sql.DriverManager.getConnection(Unknown Source)
	at org.dbunit.JdbcDatabaseTester.getConnection(JdbcDatabaseTester.java:116)
	at es.uvigo.esei.dai.hybridserver.utils.MySqlJdbcDatabaseTester.getConnection(MySqlJdbcDatabaseTester.java:44)
	at org.dbunit.AbstractDatabaseTester.executeOperation(AbstractDatabaseTester.java:194)
	at org.dbunit.AbstractDatabaseTester.onSetup(AbstractDatabaseTester.java:109)
	at es.uvigo.esei.dai.hybridserver.week11.MultipleServersTestCase.setUpJdbc(MultipleServersTestCase.java:108)
</error>

          <error type="java.lang.NullPointerException">java.lang.NullPointerException
[...]
	at java.lang.reflect.Constructor.newInstance(Unknown Source)
	at com.mysql.jdbc.Util.handleNewInstance(Util.java:403)
	at com.mysql.jdbc.Util.getInstance(Util.java:386)
	at com.mysql.jdbc.SQLError.createSQLException(SQLError.java:944)
	at com.mysql.jdbc.MysqlIO.checkErrorPacket(MysqlIO.java:3933)
	at com.mysql.jdbc.MysqlIO.checkErrorPacket(MysqlIO.java:3869)
	at com.mysql.jdbc.MysqlIO.checkErrorPacket(MysqlIO.java:864)
	at com.mysql.jdbc.MysqlIO.proceedHandshakeWithPluggableAuthentication(MysqlIO.java:1707)
	at com.mysql.jdbc.MysqlIO.doHandshake(MysqlIO.java:1217)
	at com.mysql.jdbc.ConnectionImpl.coreConnect(ConnectionImpl.java:2189)
	at com.mysql.jdbc.ConnectionImpl.connectOneTryOnly(ConnectionImpl.java:2220)
	at com.mysql.jdbc.ConnectionImpl.createNewIO(ConnectionImpl.java:2015)
	at com.mysql.jdbc.ConnectionImpl.&lt;init&gt;(ConnectionImpl.java:768)
	at com.mysql.jdbc.JDBC4Connection.&lt;init&gt;(JDBC4Connection.java:47)
	at java.lang.reflect.Constructor.newInstance(Unknown Source)
	at com.mysql.jdbc.Util.handleNewInstance(Util.java:403)
	at com.mysql.jdbc.ConnectionImpl.getInstance(ConnectionImpl.java:385)
	at com.mysql.jdbc.NonRegisteringDriver.connect(NonRegisteringDriver.java:323)
	at java.sql.DriverManager.getConnection(Unknown Source)
	at java.sql.DriverManager.getConnection(Unknown Source)
	at org.dbunit.JdbcDatabaseTester.getConnection(JdbcDatabaseTester.java:116)
	at es.uvigo.esei.dai.hybridserver.utils.MySqlJdbcDatabaseTester.getConnection(MySqlJdbcDatabaseTester.java:44)
	at org.dbunit.AbstractDatabaseTester.executeOperation(AbstractDatabaseTester.java:194)
	at org.dbunit.AbstractDatabaseTester.onSetup(AbstractDatabaseTester.java:109)
	at es.uvigo.esei.dai.hybridserver.week11.MultipleServersTestCase.setUpJdbc(MultipleServersTestCase.java:108)
</error>

          <error type="java.lang.NullPointerException">java.lang.NullPointerException
	at es.uvigo.esei.dai.hybridserver.week11.MultipleServersTestCase.tearDownJdbc(MultipleServersTestCase.java:133)
</error>

      </testcase>

      <testcase classname="es.uvigo.esei.dai.hybridserver.week11.TransformedMultipleServersTestCase" name="testGetRemotes[Hybrid Server 3]" time="0.061">
          <error message="Access denied for user &apos;hsdb&apos;@&apos;%&apos; to database &apos;hstestdb1&apos;" type="com.mysql.jdbc.exceptions.jdbc4.MySQLSyntaxErrorException">com.mysql.jdbc.exceptions.jdbc4.MySQLSyntaxErrorException: Access denied for user &apos;hsdb&apos;@&apos;%&apos; to database &apos;hstestdb1&apos;
	at java.lang.reflect.Constructor.newInstance(Unknown Source)
	at com.mysql.jdbc.Util.handleNewInstance(Util.java:403)
	at com.mysql.jdbc.Util.getInstance(Util.java:386)
	at com.mysql.jdbc.SQLError.createSQLException(SQLError.java:944)
	at com.mysql.jdbc.MysqlIO.checkErrorPacket(MysqlIO.java:3933)
	at com.mysql.jdbc.MysqlIO.checkErrorPacket(MysqlIO.java:3869)
	at com.mysql.jdbc.MysqlIO.checkErrorPacket(MysqlIO.java:864)
	at com.mysql.jdbc.MysqlIO.proceedHandshakeWithPluggableAuthentication(MysqlIO.java:1707)
	at com.mysql.jdbc.MysqlIO.doHandshake(MysqlIO.java:1217)
	at com.mysql.jdbc.ConnectionImpl.coreConnect(ConnectionImpl.java:2189)
	at com.mysql.jdbc.ConnectionImpl.connectOneTryOnly(ConnectionImpl.java:2220)
	at com.mysql.jdbc.ConnectionImpl.createNewIO(ConnectionImpl.java:2015)
	at com.mysql.jdbc.ConnectionImpl.&lt;init&gt;(ConnectionImpl.java:768)
	at com.mysql.jdbc.JDBC4Connection.&lt;init&gt;(JDBC4Connection.java:47)
	at java.lang.reflect.Constructor.newInstance(Unknown Source)
	at com.mysql.jdbc.Util.handleNewInstance(Util.java:403)
	at com.mysql.jdbc.ConnectionImpl.getInstance(ConnectionImpl.java:385)
	at com.mysql.jdbc.NonRegisteringDriver.connect(NonRegisteringDriver.java:323)
	at java.sql.DriverManager.getConnection(Unknown Source)
	at java.sql.DriverManager.getConnection(Unknown Source)
	at org.dbunit.JdbcDatabaseTester.getConnection(JdbcDatabaseTester.java:116)
	at es.uvigo.esei.dai.hybridserver.utils.MySqlJdbcDatabaseTester.getConnection(MySqlJdbcDatabaseTester.java:44)
	at org.dbunit.AbstractDatabaseTester.executeOperation(AbstractDatabaseTester.java:194)
	at org.dbunit.AbstractDatabaseTester.onSetup(AbstractDatabaseTester.java:109)
	at es.uvigo.esei.dai.hybridserver.week11.MultipleServersTestCase.setUpJdbc(MultipleServersTestCase.java:108)
</error>

          <error type="java.lang.NullPointerException">java.lang.NullPointerException
	at es.uvigo.esei.dai.hybridserver.week11.MultipleServersTestCase.tearDownJdbc(MultipleServersTestCase.java:133)
</error>

      </testcase>

      <testcase classname="es.uvigo.esei.dai.hybridserver.week11.TransformedMultipleServersTestCase" name="testBadXsltTransformations[Hybrid Server 4]" time="0.061">
          <error message="Access denied for user &apos;hsdb&apos;@&apos;%&apos; to database &apos;hstestdb1&apos;" type="com.mysql.jdbc.exceptions.jdbc4.MySQLSyntaxErrorException">com.mysql.jdbc.exceptions.jdbc4.MySQLSyntaxErrorException: Access denied for user &apos;hsdb&apos;@&apos;%&apos; to database &apos;hstestdb1&apos;
	at java.lang.reflect.Constructor.newInstance(Unknown Source)
	at com.mysql.jdbc.Util.handleNewInstance(Util.java:403)
	at com.mysql.jdbc.Util.getInstance(Util.java:386)
	at com.mysql.jdbc.SQLError.createSQLException(SQLError.java:944)
	at com.mysql.jdbc.MysqlIO.checkErrorPacket(MysqlIO.java:3933)
	at com.mysql.jdbc.MysqlIO.checkErrorPacket(MysqlIO.java:3869)
	at com.mysql.jdbc.MysqlIO.checkErrorPacket(MysqlIO.java:864)
	at com.mysql.jdbc.MysqlIO.proceedHandshakeWithPluggableAuthentication(MysqlIO.java:1707)
	at com.mysql.jdbc.MysqlIO.doHandshake(MysqlIO.java:1217)
	at com.mysql.jdbc.ConnectionImpl.coreConnect(ConnectionImpl.java:2189)
	at com.mysql.jdbc.ConnectionImpl.connectOneTryOnly(ConnectionImpl.java:2220)
	at com.mysql.jdbc.ConnectionImpl.createNewIO(ConnectionImpl.java:2015)
	at com.mysql.jdbc.ConnectionImpl.&lt;init&gt;(ConnectionImpl.java:768)
	at com.mysql.jdbc.JDBC4Connection.&lt;init&gt;(JDBC4Connection.java:47)
	at java.lang.reflect.Constructor.newInstance(Unknown Source)
	at com.mysql.jdbc.Util.handleNewInstance(Util.java:403)
	at com.mysql.jdbc.ConnectionImpl.getInstance(ConnectionImpl.java:385)
	at com.mysql.jdbc.NonRegisteringDriver.connect(NonRegisteringDriver.java:323)
	at java.sql.DriverManager.getConnection(Unknown Source)
	at java.sql.DriverManager.getConnection(Unknown Source)
	at org.dbunit.JdbcDatabaseTester.getConnection(JdbcDatabaseTester.java:116)
	at es.uvigo.esei.dai.hybridserver.utils.MySqlJdbcDatabaseTester.getConnection(MySqlJdbcDatabaseTester.java:44)
	at org.dbunit.AbstractDatabaseTester.executeOperation(AbstractDatabaseTester.java:194)
	at org.dbunit.AbstractDatabaseTester.onSetup(AbstractDatabaseTester.java:109)
	at es.uvigo.esei.dai.hybridserver.week11.MultipleServersTestCase.setUpJdbc(MultipleServersTestCase.java:108)
</error>

          <error type="java.lang.NullPointerException">java.lang.NullPointerException
	at es.uvigo.esei.dai.hybridserver.week11.MultipleServersTestCase.tearDownJdbc(MultipleServersTestCase.java:133)
</error>

      </testcase>

      <testcase classname="es.uvigo.esei.dai.hybridserver.week11.TransformedMultipleServersTestCase" name="testInvalidXsltTransformations[Hybrid Server 4]" time="0.059">
          <error message="Access denied for user &apos;hsdb&apos;@&apos;%&apos; to database &apos;hstestdb1&apos;" type="com.mysql.jdbc.exceptions.jdbc4.MySQLSyntaxErrorException">com.mysql.jdbc.exceptions.jdbc4.MySQLSyntaxErrorException: Access denied for user &apos;hsdb&apos;@&apos;%&apos; to database &apos;hstestdb1&apos;
	at java.lang.reflect.Constructor.newInstance(Unknown Source)
	at com.mysql.jdbc.Util.handleNewInstance(Util.java:403)
	at com.mysql.jdbc.Util.getInstance(Util.java:386)
	at com.mysql.jdbc.SQLError.createSQLException(SQLError.java:944)
	at com.mysql.jdbc.MysqlIO.checkErrorPacket(MysqlIO.java:3933)
	at com.mysql.jdbc.MysqlIO.checkErrorPacket(MysqlIO.java:3869)
	at com.mysql.jdbc.MysqlIO.checkErrorPacket(MysqlIO.java:864)
	at com.mysql.jdbc.MysqlIO.proceedHandshakeWithPluggableAuthentication(MysqlIO.java:1707)
	at com.mysql.jdbc.MysqlIO.doHandshake(MysqlIO.java:1217)
	at com.mysql.jdbc.ConnectionImpl.coreConnect(ConnectionImpl.java:2189)
	at com.mysql.jdbc.ConnectionImpl.connectOneTryOnly(ConnectionImpl.java:2220)
	at com.mysql.jdbc.ConnectionImpl.createNewIO(ConnectionImpl.java:2015)
	at com.mysql.jdbc.ConnectionImpl.&lt;init&gt;(ConnectionImpl.java:768)
	at com.mysql.jdbc.JDBC4Connection.&lt;init&gt;(JDBC4Connection.java:47)
	at java.lang.reflect.Constructor.newInstance(Unknown Source)
	at com.mysql.jdbc.Util.handleNewInstance(Util.java:403)
	at com.mysql.jdbc.ConnectionImpl.getInstance(ConnectionImpl.java:385)
	at com.mysql.jdbc.NonRegisteringDriver.connect(NonRegisteringDriver.java:323)
	at java.sql.DriverManager.getConnection(Unknown Source)
	at java.sql.DriverManager.getConnection(Unknown Source)
	at org.dbunit.JdbcDatabaseTester.getConnection(JdbcDatabaseTester.java:116)
	at es.uvigo.esei.dai.hybridserver.utils.MySqlJdbcDatabaseTester.getConnection(MySqlJdbcDatabaseTester.java:44)
	at org.dbunit.AbstractDatabaseTester.executeOperation(AbstractDatabaseTester.java:194)
	at org.dbunit.AbstractDatabaseTester.onSetup(AbstractDatabaseTester.java:109)
	at es.uvigo.esei.dai.hybridserver.week11.MultipleServersTestCase.setUpJdbc(MultipleServersTestCase.java:108)
</error>

          <error type="java.lang.NullPointerException">java.lang.NullPointerException
	at es.uvigo.esei.dai.hybridserver.week11.MultipleServersTestCase.tearDownJdbc(MultipleServersTestCase.java:133)
</error>

      </testcase>

      <testcase classname="es.uvigo.esei.dai.hybridserver.week11.TransformedMultipleServersTestCase" name="testBadXmlTransformations[Hybrid Server 4]" time="0.058">
          <error message="Access denied for user &apos;hsdb&apos;@&apos;%&apos; to database &apos;hstestdb1&apos;" type="com.mysql.jdbc.exceptions.jdbc4.MySQLSyntaxErrorException">com.mysql.jdbc.exceptions.jdbc4.MySQLSyntaxErrorException: Access denied for user &apos;hsdb&apos;@&apos;%&apos; to database &apos;hstestdb1&apos;
	at java.lang.reflect.Constructor.newInstance(Unknown Source)
	at com.mysql.jdbc.Util.handleNewInstance(Util.java:403)
	at com.mysql.jdbc.Util.getInstance(Util.java:386)
	at com.mysql.jdbc.SQLError.createSQLException(SQLError.java:944)
	at com.mysql.jdbc.MysqlIO.checkErrorPacket(MysqlIO.java:3933)
	at com.mysql.jdbc.MysqlIO.checkErrorPacket(MysqlIO.java:3869)
	at com.mysql.jdbc.MysqlIO.checkErrorPacket(MysqlIO.java:864)
	at com.mysql.jdbc.MysqlIO.proceedHandshakeWithPluggableAuthentication(MysqlIO.java:1707)
	at com.mysql.jdbc.MysqlIO.doHandshake(MysqlIO.java:1217)
	at com.mysql.jdbc.ConnectionImpl.coreConnect(ConnectionImpl.java:2189)
	at com.mysql.jdbc.ConnectionImpl.connectOneTryOnly(ConnectionImpl.java:2220)
	at com.mysql.jdbc.ConnectionImpl.createNewIO(ConnectionImpl.java:2015)
	at com.mysql.jdbc.ConnectionImpl.&lt;init&gt;(ConnectionImpl.java:768)
	at com.mysql.jdbc.JDBC4Connection.&lt;init&gt;(JDBC4Connection.java:47)
	at java.lang.reflect.Constructor.newInstance(Unknown Source)
	at com.mysql.jdbc.Util.handleNewInstance(Util.java:403)
	at com.mysql.jdbc.ConnectionImpl.getInstance(ConnectionImpl.java:385)
	at com.mysql.jdbc.NonRegisteringDriver.connect(NonRegisteringDriver.java:323)
	at java.sql.DriverManager.getConnection(Unknown Source)
	at java.sql.DriverManager.getConnection(Unknown Source)
	at org.dbunit.JdbcDatabaseTester.getConnection(JdbcDatabaseTester.java:116)
	at es.uvigo.esei.dai.hybridserver.utils.MySqlJdbcDatabaseTester.getConnection(MySqlJdbcDatabaseTester.java:44)
	at org.dbunit.AbstractDatabaseTester.executeOperation(AbstractDatabaseTester.java:194)
	at org.dbunit.AbstractDatabaseTester.onSetup(AbstractDatabaseTester.java:109)
	at es.uvigo.esei.dai.hybridserver.week11.MultipleServersTestCase.setUpJdbc(MultipleServersTestCase.java:108)
</error>

          <error type="java.lang.NullPointerException">java.lang.NullPointerException
	at es.uvigo.esei.dai.hybridserver.week11.MultipleServersTestCase.tearDownJdbc(MultipleServersTestCase.java:133)
</error>

      </testcase>

      <testcase classname="es.uvigo.esei.dai.hybridserver.week11.TransformedMultipleServersTestCase" name="testGetLocales[Hybrid Server 4]" time="0.058">
          <error message="Access denied for user &apos;hsdb&apos;@&apos;%&apos; to database &apos;hstestdb1&apos;" type="com.mysql.jdbc.exceptions.jdbc4.MySQLSyntaxErrorException">com.mysql.jdbc.exceptions.jdbc4.MySQLSyntaxErrorException: Access denied for user &apos;hsdb&apos;@&apos;%&apos; to database &apos;hstestdb1&apos;
	at java.lang.reflect.Constructor.newInstance(Unknown Source)
	at com.mysql.jdbc.Util.handleNewInstance(Util.java:403)
	at com.mysql.jdbc.Util.getInstance(Util.java:386)
	at com.mysql.jdbc.SQLError.createSQLException(SQLError.java:944)
	at com.mysql.jdbc.MysqlIO.checkErrorPacket(MysqlIO.java:3933)
	at com.mysql.jdbc.MysqlIO.checkErrorPacket(MysqlIO.java:3869)
	at com.mysql.jdbc.MysqlIO.checkErrorPacket(MysqlIO.java:864)
	at com.mysql.jdbc.MysqlIO.proceedHandshakeWithPluggableAuthentication(MysqlIO.java:1707)
	at com.mysql.jdbc.MysqlIO.doHandshake(MysqlIO.java:1217)
	at com.mysql.jdbc.ConnectionImpl.coreConnect(ConnectionImpl.java:2189)
	at com.mysql.jdbc.ConnectionImpl.connectOneTryOnly(ConnectionImpl.java:2220)
	at com.mysql.jdbc.ConnectionImpl.createNewIO(ConnectionImpl.java:2015)
	at com.mysql.jdbc.ConnectionImpl.&lt;init&gt;(ConnectionImpl.java:768)
	at com.mysql.jdbc.JDBC4Connection.&lt;init&gt;(JDBC4Connection.java:47)
	at java.lang.reflect.Constructor.newInstance(Unknown Source)
	at com.mysql.jdbc.Util.handleNewInstance(Util.java:403)
	at com.mysql.jdbc.ConnectionImpl.getInstance(ConnectionImpl.java:385)
	at com.mysql.jdbc.NonRegisteringDriver.connect(NonRegisteringDriver.java:323)
	at java.sql.DriverManager.getConnection(Unknown Source)
	at java.sql.DriverManager.getConnection(Unknown Source)
	at org.dbunit.JdbcDatabaseTester.getConnection(JdbcDatabaseTester.java:116)
	at es.uvigo.esei.dai.hybridserver.utils.MySqlJdbcDatabaseTester.getConnection(MySqlJdbcDatabaseTester.java:44)
	at org.dbunit.AbstractDatabaseTester.executeOperation(AbstractDatabaseTester.java:194)
	at org.dbunit.AbstractDatabaseTester.onSetup(AbstractDatabaseTester.java:109)
	at es.uvigo.esei.dai.hybridserver.week11.MultipleServersTestCase.setUpJdbc(MultipleServersTestCase.java:108)
</error>

          <error type="java.lang.NullPointerException">java.lang.NullPointerException
	at es.uvigo.esei.dai.hybridserver.week11.MultipleServersTestCase.tearDownJdbc(MultipleServersTestCase.java:133)
</error>

      </testcase>

      <testcase classname="es.uvigo.esei.dai.hybridserver.week11.TransformedMultipleServersTestCase" name="testCrossTransformations[Hybrid Server 4]" time="0.056">
          <error message="Access denied for user &apos;hsdb&apos;@&apos;%&apos; to database &apos;hstestdb1&apos;" type="com.mysql.jdbc.exceptions.jdbc4.MySQLSyntaxErrorException">com.mysql.jdbc.exceptions.jdbc4.MySQLSyntaxErrorException: Access denied for user &apos;hsdb&apos;@&apos;%&apos; to database &apos;hstestdb1&apos;
	at java.lang.reflect.Constructor.newInstance(Unknown Source)
	at com.mysql.jdbc.Util.handleNewInstance(Util.java:403)
	at com.mysql.jdbc.Util.getInstance(Util.java:386)
	at com.mysql.jdbc.SQLError.createSQLException(SQLError.java:944)
	at com.mysql.jdbc.MysqlIO.checkErrorPacket(MysqlIO.java:3933)
	at com.mysql.jdbc.MysqlIO.checkErrorPacket(MysqlIO.java:3869)
	at com.mysql.jdbc.MysqlIO.checkErrorPacket(MysqlIO.java:864)
	at com.mysql.jdbc.MysqlIO.proceedHandshakeWithPluggableAuthentication(MysqlIO.java:1707)
	at com.mysql.jdbc.MysqlIO.doHandshake(MysqlIO.java:1217)
	at com.mysql.jdbc.ConnectionImpl.coreConnect(ConnectionImpl.java:2189)
	at com.mysql.jdbc.ConnectionImpl.connectOneTryOnly(ConnectionImpl.java:2220)
	at com.mysql.jdbc.ConnectionImpl.createNewIO(ConnectionImpl.java:2015)
	at com.mysql.jdbc.ConnectionImpl.&lt;init&gt;(ConnectionImpl.java:768)
	at com.mysql.jdbc.JDBC4Connection.&lt;init&gt;(JDBC4Connection.java:47)
	at java.lang.reflect.Constructor.newInstance(Unknown Source)
	at com.mysql.jdbc.Util.handleNewInstance(Util.java:403)
	at com.mysql.jdbc.ConnectionImpl.getInstance(ConnectionImpl.java:385)
	at com.mysql.jdbc.NonRegisteringDriver.connect(NonRegisteringDriver.java:323)
	at java.sql.DriverManager.getConnection(Unknown Source)
	at java.sql.DriverManager.getConnection(Unknown Source)
	at org.dbunit.JdbcDatabaseTester.getConnection(JdbcDatabaseTester.java:116)
	at es.uvigo.esei.dai.hybridserver.utils.MySqlJdbcDatabaseTester.getConnection(MySqlJdbcDatabaseTester.java:44)
	at org.dbunit.AbstractDatabaseTester.executeOperation(AbstractDatabaseTester.java:194)
	at org.dbunit.AbstractDatabaseTester.onSetup(AbstractDatabaseTester.java:109)
	at es.uvigo.esei.dai.hybridserver.week11.MultipleServersTestCase.setUpJdbc(MultipleServersTestCase.java:108)
</error>

          <error type="java.lang.NullPointerException">java.lang.NullPointerException
	at es.uvigo.esei.dai.hybridserver.week11.MultipleServersTestCase.tearDownJdbc(MultipleServersTestCase.java:133)
</error>

      </testcase>

      <testcase classname="es.uvigo.esei.dai.hybridserver.week11.TransformedMultipleServersTestCase" name="testGetRemotes[Hybrid Server 4]" time="0.057">
          <error message="Access denied for user &apos;hsdb&apos;@&apos;%&apos; to database &apos;hstestdb1&apos;" type="com.mysql.jdbc.exceptions.jdbc4.MySQLSyntaxErrorException">com.mysql.jdbc.exceptions.jdbc4.MySQLSyntaxErrorException: Access denied for user &apos;hsdb&apos;@&apos;%&apos; to database &apos;hstestdb1&apos;
	at java.lang.reflect.Constructor.newInstance(Unknown Source)
	at com.mysql.jdbc.Util.handleNewInstance(Util.java:403)
	at com.mysql.jdbc.Util.getInstance(Util.java:386)
	at com.mysql.jdbc.SQLError.createSQLException(SQLError.java:944)
	at com.mysql.jdbc.MysqlIO.checkErrorPacket(MysqlIO.java:3933)
	at com.mysql.jdbc.MysqlIO.checkErrorPacket(MysqlIO.java:3869)
	at com.mysql.jdbc.MysqlIO.checkErrorPacket(MysqlIO.java:864)
	at com.mysql.jdbc.MysqlIO.proceedHandshakeWithPluggableAuthentication(MysqlIO.java:1707)
	at com.mysql.jdbc.MysqlIO.doHandshake(MysqlIO.java:1217)
	at com.mysql.jdbc.ConnectionImpl.coreConnect(ConnectionImpl.java:2189)
	at com.mysql.jdbc.ConnectionImpl.connectOneTryOnly(ConnectionImpl.java:2220)
	at com.mysql.jdbc.ConnectionImpl.createNewIO(ConnectionImpl.java:2015)
	at com.mysql.jdbc.ConnectionImpl.&lt;init&gt;(ConnectionImpl.java:768)
	at com.mysql.jdbc.JDBC4Connection.&lt;init&gt;(JDBC4Connection.java:47)
	at java.lang.reflect.Constructor.newInstance(Unknown Source)
	at com.mysql.jdbc.Util.handleNewInstance(Util.java:403)
	at com.mysql.jdbc.ConnectionImpl.getInstance(ConnectionImpl.java:385)
	at com.mysql.jdbc.NonRegisteringDriver.connect(NonRegisteringDriver.java:323)
	at java.sql.DriverManager.getConnection(Unknown Source)
	at java.sql.DriverManager.getConnection(Unknown Source)
	at org.dbunit.JdbcDatabaseTester.getConnection(JdbcDatabaseTester.java:116)
	at es.uvigo.esei.dai.hybridserver.utils.MySqlJdbcDatabaseTester.getConnection(MySqlJdbcDatabaseTester.java:44)
	at org.dbunit.AbstractDatabaseTester.executeOperation(AbstractDatabaseTester.java:194)
	at org.dbunit.AbstractDatabaseTester.onSetup(AbstractDatabaseTester.java:109)
	at es.uvigo.esei.dai.hybridserver.week11.MultipleServersTestCase.setUpJdbc(MultipleServersTestCase.java:108)
</error>

          <error type="java.lang.NullPointerException">java.lang.NullPointerException
	at es.uvigo.esei.dai.hybridserver.week11.MultipleServersTestCase.tearDownJdbc(MultipleServersTestCase.java:133)
</error>

      </testcase>

      <system-out><![CDATA[]]></system-out>

      <system-err><![CDATA[]]></system-err>

  </testsuite>
</testsuites>
